{
	"/home/node/.openclaw/workspace/projects/metanames-app/playwright.config.ts": {
		"path": "/home/node/.openclaw/workspace/projects/metanames-app/playwright.config.ts",
		"all": true,
		"statementMap": {
			"0": { "start": { "line": 1, "column": 0 }, "end": { "line": 1, "column": 61 } },
			"2": { "start": { "line": 3, "column": 0 }, "end": { "line": 3, "column": 38 } },
			"3": { "start": { "line": 4, "column": 0 }, "end": { "line": 4, "column": 13 } },
			"4": { "start": { "line": 5, "column": 0 }, "end": { "line": 5, "column": 46 } },
			"5": { "start": { "line": 6, "column": 0 }, "end": { "line": 6, "column": 12 } },
			"6": { "start": { "line": 7, "column": 0 }, "end": { "line": 7, "column": 3 } },
			"7": { "start": { "line": 8, "column": 0 }, "end": { "line": 8, "column": 18 } },
			"8": { "start": { "line": 9, "column": 0 }, "end": { "line": 9, "column": 39 } },
			"9": { "start": { "line": 10, "column": 0 }, "end": { "line": 10, "column": 2 } },
			"11": { "start": { "line": 12, "column": 0 }, "end": { "line": 12, "column": 22 } }
		},
		"s": { "0": 0, "2": 0, "3": 0, "4": 0, "5": 0, "6": 0, "7": 0, "8": 0, "9": 0, "11": 0 },
		"branchMap": {
			"0": {
				"type": "branch",
				"line": 1,
				"loc": { "start": { "line": 1, "column": 265 }, "end": { "line": 12, "column": 22 } },
				"locations": [
					{ "start": { "line": 1, "column": 265 }, "end": { "line": 12, "column": 22 } }
				]
			}
		},
		"b": { "0": [0] },
		"fnMap": {
			"0": {
				"name": "(empty-report)",
				"decl": { "start": { "line": 1, "column": 265 }, "end": { "line": 12, "column": 22 } },
				"loc": { "start": { "line": 1, "column": 265 }, "end": { "line": 12, "column": 22 } },
				"line": 1
			}
		},
		"f": { "0": 0 }
	},
	"/home/node/.openclaw/workspace/projects/metanames-app/svelte.config.js": {
		"path": "/home/node/.openclaw/workspace/projects/metanames-app/svelte.config.js",
		"all": true,
		"statementMap": {
			"0": { "start": { "line": 1, "column": 0 }, "end": { "line": 1, "column": 47 } },
			"1": { "start": { "line": 2, "column": 0 }, "end": { "line": 2, "column": 43 } },
			"2": { "start": { "line": 3, "column": 0 }, "end": { "line": 3, "column": 0 } },
			"3": { "start": { "line": 4, "column": 0 }, "end": { "line": 4, "column": 45 } },
			"4": { "start": { "line": 5, "column": 0 }, "end": { "line": 5, "column": 16 } },
			"5": { "start": { "line": 6, "column": 0 }, "end": { "line": 6, "column": 66 } },
			"6": { "start": { "line": 7, "column": 0 }, "end": { "line": 7, "column": 44 } },
			"7": { "start": { "line": 8, "column": 0 }, "end": { "line": 8, "column": 26 } },
			"8": { "start": { "line": 9, "column": 0 }, "end": { "line": 9, "column": 0 } },
			"9": { "start": { "line": 10, "column": 0 }, "end": { "line": 10, "column": 7 } },
			"10": { "start": { "line": 11, "column": 0 }, "end": { "line": 11, "column": 20 } },
			"11": { "start": { "line": 12, "column": 0 }, "end": { "line": 12, "column": 24 } },
			"12": { "start": { "line": 13, "column": 0 }, "end": { "line": 13, "column": 5 } },
			"13": { "start": { "line": 14, "column": 0 }, "end": { "line": 14, "column": 29 } },
			"14": { "start": { "line": 15, "column": 0 }, "end": { "line": 15, "column": 10 } },
			"15": { "start": { "line": 16, "column": 0 }, "end": { "line": 16, "column": 22 } },
			"16": { "start": { "line": 17, "column": 0 }, "end": { "line": 17, "column": 21 } },
			"17": { "start": { "line": 18, "column": 0 }, "end": { "line": 18, "column": 26 } },
			"18": { "start": { "line": 19, "column": 0 }, "end": { "line": 19, "column": 3 } },
			"19": { "start": { "line": 20, "column": 0 }, "end": { "line": 20, "column": 2 } },
			"20": { "start": { "line": 21, "column": 0 }, "end": { "line": 21, "column": 2 } },
			"21": { "start": { "line": 22, "column": 0 }, "end": { "line": 22, "column": 0 } },
			"22": { "start": { "line": 23, "column": 0 }, "end": { "line": 23, "column": 22 } }
		},
		"s": {
			"0": 0,
			"1": 0,
			"2": 0,
			"3": 0,
			"4": 0,
			"5": 0,
			"6": 0,
			"7": 0,
			"8": 0,
			"9": 0,
			"10": 0,
			"11": 0,
			"12": 0,
			"13": 0,
			"14": 0,
			"15": 0,
			"16": 0,
			"17": 0,
			"18": 0,
			"19": 0,
			"20": 0,
			"21": 0,
			"22": 0
		},
		"branchMap": {
			"0": {
				"type": "branch",
				"line": 1,
				"loc": { "start": { "line": 1, "column": 0 }, "end": { "line": 23, "column": -213 } },
				"locations": [
					{ "start": { "line": 1, "column": 0 }, "end": { "line": 23, "column": -213 } }
				]
			}
		},
		"b": { "0": [0] },
		"fnMap": {
			"0": {
				"name": "(empty-report)",
				"decl": { "start": { "line": 1, "column": 0 }, "end": { "line": 23, "column": -213 } },
				"loc": { "start": { "line": 1, "column": 0 }, "end": { "line": 23, "column": -213 } },
				"line": 1
			}
		},
		"f": { "0": 0 }
	},
	"/home/node/.openclaw/workspace/projects/metanames-app/src/hooks.client.ts": {
		"path": "/home/node/.openclaw/workspace/projects/metanames-app/src/hooks.client.ts",
		"all": true,
		"statementMap": {
			"0": { "start": { "line": 1, "column": 0 }, "end": { "line": 1, "column": 58 } },
			"3": { "start": { "line": 4, "column": 0 }, "end": { "line": 4, "column": 13 } },
			"4": { "start": { "line": 5, "column": 0 }, "end": { "line": 5, "column": 104 } },
			"5": { "start": { "line": 6, "column": 0 }, "end": { "line": 6, "column": 22 } },
			"6": { "start": { "line": 7, "column": 0 }, "end": { "line": 7, "column": 3 } },
			"9": { "start": { "line": 10, "column": 0 }, "end": { "line": 10, "column": 51 } }
		},
		"s": { "0": 0, "3": 0, "4": 0, "5": 0, "6": 0, "9": 0 },
		"branchMap": {
			"0": {
				"type": "branch",
				"line": 1,
				"loc": { "start": { "line": 1, "column": 377 }, "end": { "line": 10, "column": 51 } },
				"locations": [
					{ "start": { "line": 1, "column": 377 }, "end": { "line": 10, "column": 51 } }
				]
			}
		},
		"b": { "0": [0] },
		"fnMap": {
			"0": {
				"name": "(empty-report)",
				"decl": { "start": { "line": 1, "column": 377 }, "end": { "line": 10, "column": 51 } },
				"loc": { "start": { "line": 1, "column": 377 }, "end": { "line": 10, "column": 51 } },
				"line": 1
			}
		},
		"f": { "0": 0 }
	},
	"/home/node/.openclaw/workspace/projects/metanames-app/src/hooks.server.ts": {
		"path": "/home/node/.openclaw/workspace/projects/metanames-app/src/hooks.server.ts",
		"all": true,
		"statementMap": {
			"0": { "start": { "line": 1, "column": 0 }, "end": { "line": 1, "column": 47 } },
			"4": { "start": { "line": 5, "column": 0 }, "end": { "line": 5, "column": 13 } },
			"5": { "start": { "line": 6, "column": 0 }, "end": { "line": 6, "column": 104 } },
			"6": { "start": { "line": 7, "column": 0 }, "end": { "line": 7, "column": 22 } },
			"10": { "start": { "line": 11, "column": 0 }, "end": { "line": 11, "column": 3 } },
			"13": { "start": { "line": 14, "column": 0 }, "end": { "line": 14, "column": 47 } },
			"16": { "start": { "line": 17, "column": 0 }, "end": { "line": 17, "column": 51 } }
		},
		"s": { "0": 0, "4": 0, "5": 0, "6": 0, "10": 0, "13": 0, "16": 0 },
		"branchMap": {
			"0": {
				"type": "branch",
				"line": 1,
				"loc": { "start": { "line": 1, "column": 707 }, "end": { "line": 17, "column": 51 } },
				"locations": [
					{ "start": { "line": 1, "column": 707 }, "end": { "line": 17, "column": 51 } }
				]
			}
		},
		"b": { "0": [0] },
		"fnMap": {
			"0": {
				"name": "(empty-report)",
				"decl": { "start": { "line": 1, "column": 707 }, "end": { "line": 17, "column": 51 } },
				"loc": { "start": { "line": 1, "column": 707 }, "end": { "line": 17, "column": 51 } },
				"line": 1
			}
		},
		"f": { "0": 0 }
	},
	"/home/node/.openclaw/workspace/projects/metanames-app/src/components/Chip.svelte": {
		"path": "/home/node/.openclaw/workspace/projects/metanames-app/src/components/Chip.svelte",
		"all": true,
		"statementMap": {
			"0": { "start": { "line": 1, "column": 0 }, "end": { "line": 1, "column": 18 } },
			"1": { "start": { "line": 2, "column": 0 }, "end": { "line": 2, "column": 47 } },
			"2": { "start": { "line": 3, "column": 0 }, "end": { "line": 3, "column": 46 } },
			"3": { "start": { "line": 4, "column": 0 }, "end": { "line": 4, "column": 40 } },
			"4": { "start": { "line": 5, "column": 0 }, "end": { "line": 5, "column": 41 } },
			"6": { "start": { "line": 7, "column": 0 }, "end": { "line": 7, "column": 26 } },
			"7": { "start": { "line": 8, "column": 0 }, "end": { "line": 8, "column": 26 } },
			"8": { "start": { "line": 9, "column": 0 }, "end": { "line": 9, "column": 49 } },
			"9": { "start": { "line": 10, "column": 0 }, "end": { "line": 10, "column": 57 } },
			"10": { "start": { "line": 11, "column": 0 }, "end": { "line": 11, "column": 38 } },
			"11": { "start": { "line": 12, "column": 0 }, "end": { "line": 12, "column": 41 } },
			"12": { "start": { "line": 13, "column": 0 }, "end": { "line": 13, "column": 54 } },
			"14": { "start": { "line": 15, "column": 0 }, "end": { "line": 15, "column": 70 } },
			"16": { "start": { "line": 17, "column": 0 }, "end": { "line": 17, "column": 23 } },
			"17": { "start": { "line": 18, "column": 0 }, "end": { "line": 18, "column": 23 } },
			"18": { "start": { "line": 19, "column": 0 }, "end": { "line": 19, "column": 49 } },
			"19": { "start": { "line": 20, "column": 0 }, "end": { "line": 20, "column": 20 } },
			"21": { "start": { "line": 22, "column": 0 }, "end": { "line": 22, "column": 48 } },
			"22": { "start": { "line": 23, "column": 0 }, "end": { "line": 23, "column": 20 } },
			"23": { "start": { "line": 24, "column": 0 }, "end": { "line": 24, "column": 52 } },
			"30": { "start": { "line": 31, "column": 0 }, "end": { "line": 31, "column": 79 } },
			"32": { "start": { "line": 33, "column": 0 }, "end": { "line": 33, "column": 25 } },
			"33": { "start": { "line": 34, "column": 0 }, "end": { "line": 34, "column": 37 } },
			"34": { "start": { "line": 35, "column": 0 }, "end": { "line": 35, "column": 52 } },
			"35": { "start": { "line": 36, "column": 0 }, "end": { "line": 36, "column": 8 } },
			"37": { "start": { "line": 38, "column": 0 }, "end": { "line": 38, "column": 23 } },
			"39": { "start": { "line": 40, "column": 0 }, "end": { "line": 40, "column": 35 } },
			"41": { "start": { "line": 42, "column": 0 }, "end": { "line": 42, "column": 36 } }
		},
		"s": {
			"0": 0,
			"1": 0,
			"2": 0,
			"3": 0,
			"4": 0,
			"6": 0,
			"7": 0,
			"8": 0,
			"9": 0,
			"10": 0,
			"11": 0,
			"12": 0,
			"14": 0,
			"16": 0,
			"17": 0,
			"18": 0,
			"19": 0,
			"21": 0,
			"22": 0,
			"23": 0,
			"30": 0,
			"32": 0,
			"33": 0,
			"34": 0,
			"35": 0,
			"37": 0,
			"39": 0,
			"41": 0
		},
		"branchMap": {
			"0": {
				"type": "branch",
				"line": 1,
				"loc": { "start": { "line": 1, "column": 1859 }, "end": { "line": 77, "column": 8 } },
				"locations": [
					{ "start": { "line": 1, "column": 1859 }, "end": { "line": 77, "column": 8 } }
				]
			}
		},
		"b": { "0": [0] },
		"fnMap": {
			"0": {
				"name": "(empty-report)",
				"decl": { "start": { "line": 1, "column": 1859 }, "end": { "line": 77, "column": 8 } },
				"loc": { "start": { "line": 1, "column": 1859 }, "end": { "line": 77, "column": 8 } },
				"line": 1
			}
		},
		"f": { "0": 0 }
	},
	"/home/node/.openclaw/workspace/projects/metanames-app/src/components/ConnectionRequired.svelte": {
		"path": "/home/node/.openclaw/workspace/projects/metanames-app/src/components/ConnectionRequired.svelte",
		"all": true,
		"statementMap": {
			"0": { "start": { "line": 1, "column": 0 }, "end": { "line": 1, "column": 18 } },
			"1": { "start": { "line": 2, "column": 0 }, "end": { "line": 2, "column": 52 } },
			"3": { "start": { "line": 4, "column": 0 }, "end": { "line": 4, "column": 73 } },
			"5": { "start": { "line": 6, "column": 0 }, "end": { "line": 6, "column": 28 } },
			"6": { "start": { "line": 7, "column": 0 }, "end": { "line": 7, "column": 28 } },
			"11": { "start": { "line": 12, "column": 0 }, "end": { "line": 12, "column": 23 } },
			"12": { "start": { "line": 13, "column": 0 }, "end": { "line": 13, "column": 23 } },
			"15": { "start": { "line": 16, "column": 0 }, "end": { "line": 16, "column": 33 } },
			"16": { "start": { "line": 17, "column": 0 }, "end": { "line": 17, "column": 43 } },
			"18": { "start": { "line": 19, "column": 0 }, "end": { "line": 19, "column": 9 } },
			"19": { "start": { "line": 20, "column": 0 }, "end": { "line": 20, "column": 8 } },
			"21": { "start": { "line": 22, "column": 0 }, "end": { "line": 22, "column": 6 } }
		},
		"s": {
			"0": 0,
			"1": 0,
			"3": 0,
			"5": 0,
			"6": 0,
			"11": 0,
			"12": 0,
			"15": 0,
			"16": 0,
			"18": 0,
			"19": 0,
			"21": 0
		},
		"branchMap": {
			"0": {
				"type": "branch",
				"line": 1,
				"loc": { "start": { "line": 1, "column": 702 }, "end": { "line": 38, "column": 8 } },
				"locations": [{ "start": { "line": 1, "column": 702 }, "end": { "line": 38, "column": 8 } }]
			}
		},
		"b": { "0": [0] },
		"fnMap": {
			"0": {
				"name": "(empty-report)",
				"decl": { "start": { "line": 1, "column": 702 }, "end": { "line": 38, "column": 8 } },
				"loc": { "start": { "line": 1, "column": 702 }, "end": { "line": 38, "column": 8 } },
				"line": 1
			}
		},
		"f": { "0": 0 }
	},
	"/home/node/.openclaw/workspace/projects/metanames-app/src/components/Domain.svelte": {
		"path": "/home/node/.openclaw/workspace/projects/metanames-app/src/components/Domain.svelte",
		"all": true,
		"statementMap": {
			"0": { "start": { "line": 1, "column": 0 }, "end": { "line": 1, "column": 18 } },
			"2": { "start": { "line": 3, "column": 0 }, "end": { "line": 3, "column": 35 } },
			"4": { "start": { "line": 5, "column": 0 }, "end": { "line": 5, "column": 59 } },
			"5": { "start": { "line": 6, "column": 0 }, "end": { "line": 6, "column": 46 } },
			"6": { "start": { "line": 7, "column": 0 }, "end": { "line": 7, "column": 40 } },
			"7": { "start": { "line": 8, "column": 0 }, "end": { "line": 8, "column": 36 } },
			"17": { "start": { "line": 18, "column": 0 }, "end": { "line": 18, "column": 15 } },
			"18": { "start": { "line": 19, "column": 0 }, "end": { "line": 19, "column": 43 } },
			"19": { "start": { "line": 20, "column": 0 }, "end": { "line": 20, "column": 47 } },
			"20": { "start": { "line": 21, "column": 0 }, "end": { "line": 21, "column": 53 } },
			"21": { "start": { "line": 22, "column": 0 }, "end": { "line": 22, "column": 53 } },
			"22": { "start": { "line": 23, "column": 0 }, "end": { "line": 23, "column": 51 } },
			"23": { "start": { "line": 24, "column": 0 }, "end": { "line": 24, "column": 35 } },
			"25": { "start": { "line": 26, "column": 0 }, "end": { "line": 26, "column": 27 } },
			"26": { "start": { "line": 27, "column": 0 }, "end": { "line": 27, "column": 35 } },
			"27": { "start": { "line": 28, "column": 0 }, "end": { "line": 28, "column": 53 } },
			"29": { "start": { "line": 30, "column": 0 }, "end": { "line": 30, "column": 58 } },
			"30": { "start": { "line": 31, "column": 0 }, "end": { "line": 31, "column": 61 } },
			"31": { "start": { "line": 32, "column": 0 }, "end": { "line": 32, "column": 90 } },
			"32": { "start": { "line": 33, "column": 0 }, "end": { "line": 33, "column": 92 } },
			"33": { "start": { "line": 34, "column": 0 }, "end": { "line": 34, "column": 53 } },
			"35": { "start": { "line": 36, "column": 0 }, "end": { "line": 36, "column": 36 } },
			"36": { "start": { "line": 37, "column": 0 }, "end": { "line": 37, "column": 76 } },
			"38": { "start": { "line": 39, "column": 0 }, "end": { "line": 39, "column": 58 } },
			"40": { "start": { "line": 41, "column": 0 }, "end": { "line": 41, "column": 50 } },
			"41": { "start": { "line": 42, "column": 0 }, "end": { "line": 42, "column": 43 } },
			"46": { "start": { "line": 47, "column": 0 }, "end": { "line": 47, "column": 22 } },
			"47": { "start": { "line": 48, "column": 0 }, "end": { "line": 48, "column": 20 } },
			"48": { "start": { "line": 49, "column": 0 }, "end": { "line": 49, "column": 24 } },
			"49": { "start": { "line": 50, "column": 0 }, "end": { "line": 50, "column": 9 } },
			"50": { "start": { "line": 51, "column": 0 }, "end": { "line": 51, "column": 8 } },
			"51": { "start": { "line": 52, "column": 0 }, "end": { "line": 52, "column": 38 } },
			"53": { "start": { "line": 54, "column": 0 }, "end": { "line": 54, "column": 22 } },
			"54": { "start": { "line": 55, "column": 0 }, "end": { "line": 55, "column": 50 } },
			"56": { "start": { "line": 57, "column": 0 }, "end": { "line": 57, "column": 25 } },
			"61": { "start": { "line": 62, "column": 0 }, "end": { "line": 62, "column": 39 } },
			"64": { "start": { "line": 65, "column": 0 }, "end": { "line": 65, "column": 28 } },
			"65": { "start": { "line": 66, "column": 0 }, "end": { "line": 66, "column": 27 } },
			"66": { "start": { "line": 67, "column": 0 }, "end": { "line": 67, "column": 36 } },
			"67": { "start": { "line": 68, "column": 0 }, "end": { "line": 68, "column": 26 } },
			"72": { "start": { "line": 73, "column": 0 }, "end": { "line": 73, "column": 73 } },
			"73": { "start": { "line": 74, "column": 0 }, "end": { "line": 74, "column": 51 } },
			"76": { "start": { "line": 77, "column": 0 }, "end": { "line": 77, "column": 31 } },
			"77": { "start": { "line": 78, "column": 0 }, "end": { "line": 78, "column": 40 } },
			"78": { "start": { "line": 79, "column": 0 }, "end": { "line": 79, "column": 37 } },
			"79": { "start": { "line": 80, "column": 0 }, "end": { "line": 80, "column": 80 } },
			"82": { "start": { "line": 83, "column": 0 }, "end": { "line": 83, "column": 26 } },
			"83": { "start": { "line": 84, "column": 0 }, "end": { "line": 84, "column": 81 } },
			"84": { "start": { "line": 85, "column": 0 }, "end": { "line": 85, "column": 52 } },
			"86": { "start": { "line": 87, "column": 0 }, "end": { "line": 87, "column": 39 } },
			"89": { "start": { "line": 90, "column": 0 }, "end": { "line": 90, "column": 26 } },
			"90": { "start": { "line": 91, "column": 0 }, "end": { "line": 91, "column": 60 } },
			"95": { "start": { "line": 96, "column": 0 }, "end": { "line": 96, "column": 26 } },
			"96": { "start": { "line": 97, "column": 0 }, "end": { "line": 97, "column": 54 } },
			"102": { "start": { "line": 103, "column": 0 }, "end": { "line": 103, "column": 13 } },
			"103": { "start": { "line": 104, "column": 0 }, "end": { "line": 104, "column": 12 } },
			"104": { "start": { "line": 105, "column": 0 }, "end": { "line": 105, "column": 64 } },
			"105": { "start": { "line": 106, "column": 0 }, "end": { "line": 106, "column": 21 } },
			"106": { "start": { "line": 107, "column": 0 }, "end": { "line": 107, "column": 26 } },
			"107": { "start": { "line": 108, "column": 0 }, "end": { "line": 108, "column": 20 } },
			"108": { "start": { "line": 109, "column": 0 }, "end": { "line": 109, "column": 30 } },
			"112": { "start": { "line": 113, "column": 0 }, "end": { "line": 113, "column": 34 } },
			"113": { "start": { "line": 114, "column": 0 }, "end": { "line": 114, "column": 46 } },
			"119": { "start": { "line": 120, "column": 0 }, "end": { "line": 120, "column": 75 } },
			"125": { "start": { "line": 126, "column": 0 }, "end": { "line": 126, "column": 29 } },
			"126": { "start": { "line": 127, "column": 0 }, "end": { "line": 127, "column": 31 } },
			"129": { "start": { "line": 130, "column": 0 }, "end": { "line": 130, "column": 13 } },
			"130": { "start": { "line": 131, "column": 0 }, "end": { "line": 131, "column": 12 } },
			"131": { "start": { "line": 132, "column": 0 }, "end": { "line": 132, "column": 28 } },
			"132": { "start": { "line": 133, "column": 0 }, "end": { "line": 133, "column": 33 } },
			"133": { "start": { "line": 134, "column": 0 }, "end": { "line": 134, "column": 23 } },
			"134": { "start": { "line": 135, "column": 0 }, "end": { "line": 135, "column": 27 } },
			"135": { "start": { "line": 136, "column": 0 }, "end": { "line": 136, "column": 39 } },
			"136": { "start": { "line": 137, "column": 0 }, "end": { "line": 137, "column": 37 } },
			"139": { "start": { "line": 140, "column": 0 }, "end": { "line": 140, "column": 25 } },
			"140": { "start": { "line": 141, "column": 0 }, "end": { "line": 141, "column": 59 } },
			"144": { "start": { "line": 145, "column": 0 }, "end": { "line": 145, "column": 14 } },
			"145": { "start": { "line": 146, "column": 0 }, "end": { "line": 146, "column": 13 } },
			"147": { "start": { "line": 148, "column": 0 }, "end": { "line": 148, "column": 11 } },
			"150": { "start": { "line": 151, "column": 0 }, "end": { "line": 151, "column": 45 } },
			"154": { "start": { "line": 155, "column": 0 }, "end": { "line": 155, "column": 33 } },
			"156": { "start": { "line": 157, "column": 0 }, "end": { "line": 157, "column": 60 } },
			"158": { "start": { "line": 159, "column": 0 }, "end": { "line": 159, "column": 11 } },
			"159": { "start": { "line": 160, "column": 0 }, "end": { "line": 160, "column": 39 } },
			"162": { "start": { "line": 163, "column": 0 }, "end": { "line": 163, "column": 43 } },
			"163": { "start": { "line": 164, "column": 0 }, "end": { "line": 164, "column": 36 } },
			"165": { "start": { "line": 166, "column": 0 }, "end": { "line": 166, "column": 83 } },
			"166": { "start": { "line": 167, "column": 0 }, "end": { "line": 167, "column": 23 } }
		},
		"s": {
			"0": 0,
			"2": 0,
			"4": 0,
			"5": 0,
			"6": 0,
			"7": 0,
			"17": 0,
			"18": 0,
			"19": 0,
			"20": 0,
			"21": 0,
			"22": 0,
			"23": 0,
			"25": 0,
			"26": 0,
			"27": 0,
			"29": 0,
			"30": 0,
			"31": 0,
			"32": 0,
			"33": 0,
			"35": 0,
			"36": 0,
			"38": 0,
			"40": 0,
			"41": 0,
			"46": 0,
			"47": 0,
			"48": 0,
			"49": 0,
			"50": 0,
			"51": 0,
			"53": 0,
			"54": 0,
			"56": 0,
			"61": 0,
			"64": 0,
			"65": 0,
			"66": 0,
			"67": 0,
			"72": 0,
			"73": 0,
			"76": 0,
			"77": 0,
			"78": 0,
			"79": 0,
			"82": 0,
			"83": 0,
			"84": 0,
			"86": 0,
			"89": 0,
			"90": 0,
			"95": 0,
			"96": 0,
			"102": 0,
			"103": 0,
			"104": 0,
			"105": 0,
			"106": 0,
			"107": 0,
			"108": 0,
			"112": 0,
			"113": 0,
			"119": 0,
			"125": 0,
			"126": 0,
			"129": 0,
			"130": 0,
			"131": 0,
			"132": 0,
			"133": 0,
			"134": 0,
			"135": 0,
			"136": 0,
			"139": 0,
			"140": 0,
			"144": 0,
			"145": 0,
			"147": 0,
			"150": 0,
			"154": 0,
			"156": 0,
			"158": 0,
			"159": 0,
			"162": 0,
			"163": 0,
			"165": 0,
			"166": 0
		},
		"branchMap": {
			"0": {
				"type": "branch",
				"line": 1,
				"loc": { "start": { "line": 1, "column": 5609 }, "end": { "line": 226, "column": 8 } },
				"locations": [
					{ "start": { "line": 1, "column": 5609 }, "end": { "line": 226, "column": 8 } }
				]
			}
		},
		"b": { "0": [0] },
		"fnMap": {
			"0": {
				"name": "(empty-report)",
				"decl": { "start": { "line": 1, "column": 5609 }, "end": { "line": 226, "column": 8 } },
				"loc": { "start": { "line": 1, "column": 5609 }, "end": { "line": 226, "column": 8 } },
				"line": 1
			}
		},
		"f": { "0": 0 }
	},
	"/home/node/.openclaw/workspace/projects/metanames-app/src/components/DomainPayment.svelte": {
		"path": "/home/node/.openclaw/workspace/projects/metanames-app/src/components/DomainPayment.svelte",
		"all": true,
		"statementMap": {
			"0": { "start": { "line": 1, "column": 0 }, "end": { "line": 1, "column": 18 } },
			"1": { "start": { "line": 2, "column": 0 }, "end": { "line": 2, "column": 85 } },
			"2": { "start": { "line": 3, "column": 0 }, "end": { "line": 3, "column": 81 } },
			"3": { "start": { "line": 4, "column": 0 }, "end": { "line": 4, "column": 62 } },
			"5": { "start": { "line": 6, "column": 0 }, "end": { "line": 6, "column": 58 } },
			"6": { "start": { "line": 7, "column": 0 }, "end": { "line": 7, "column": 41 } },
			"8": { "start": { "line": 9, "column": 0 }, "end": { "line": 9, "column": 38 } },
			"9": { "start": { "line": 10, "column": 0 }, "end": { "line": 10, "column": 47 } },
			"10": { "start": { "line": 11, "column": 0 }, "end": { "line": 11, "column": 44 } },
			"11": { "start": { "line": 12, "column": 0 }, "end": { "line": 12, "column": 56 } },
			"12": { "start": { "line": 13, "column": 0 }, "end": { "line": 13, "column": 44 } },
			"13": { "start": { "line": 14, "column": 0 }, "end": { "line": 14, "column": 47 } },
			"14": { "start": { "line": 15, "column": 0 }, "end": { "line": 15, "column": 75 } },
			"15": { "start": { "line": 16, "column": 0 }, "end": { "line": 16, "column": 65 } },
			"17": { "start": { "line": 18, "column": 0 }, "end": { "line": 18, "column": 44 } },
			"19": { "start": { "line": 20, "column": 0 }, "end": { "line": 20, "column": 31 } },
			"20": { "start": { "line": 21, "column": 0 }, "end": { "line": 21, "column": 24 } },
			"21": { "start": { "line": 22, "column": 0 }, "end": { "line": 22, "column": 68 } },
			"22": { "start": { "line": 23, "column": 0 }, "end": { "line": 23, "column": 33 } },
			"24": { "start": { "line": 25, "column": 0 }, "end": { "line": 25, "column": 15 } },
			"25": { "start": { "line": 26, "column": 0 }, "end": { "line": 26, "column": 26 } },
			"26": { "start": { "line": 27, "column": 0 }, "end": { "line": 27, "column": 56 } },
			"28": { "start": { "line": 29, "column": 0 }, "end": { "line": 29, "column": 51 } },
			"29": { "start": { "line": 30, "column": 0 }, "end": { "line": 30, "column": 37 } },
			"30": { "start": { "line": 31, "column": 0 }, "end": { "line": 31, "column": 15 } },
			"31": { "start": { "line": 32, "column": 0 }, "end": { "line": 32, "column": 62 } },
			"32": { "start": { "line": 33, "column": 0 }, "end": { "line": 33, "column": 48 } },
			"33": { "start": { "line": 34, "column": 0 }, "end": { "line": 34, "column": 53 } },
			"35": { "start": { "line": 36, "column": 0 }, "end": { "line": 36, "column": 74 } },
			"36": { "start": { "line": 37, "column": 0 }, "end": { "line": 37, "column": 48 } },
			"38": { "start": { "line": 39, "column": 0 }, "end": { "line": 39, "column": 31 } },
			"40": { "start": { "line": 41, "column": 0 }, "end": { "line": 41, "column": 59 } },
			"41": { "start": { "line": 42, "column": 0 }, "end": { "line": 42, "column": 30 } },
			"42": { "start": { "line": 43, "column": 0 }, "end": { "line": 43, "column": 23 } },
			"44": { "start": { "line": 45, "column": 0 }, "end": { "line": 45, "column": 42 } },
			"47": { "start": { "line": 48, "column": 0 }, "end": { "line": 48, "column": 36 } },
			"48": { "start": { "line": 49, "column": 0 }, "end": { "line": 49, "column": 33 } },
			"50": { "start": { "line": 51, "column": 0 }, "end": { "line": 51, "column": 18 } },
			"53": { "start": { "line": 54, "column": 0 }, "end": { "line": 54, "column": 50 } },
			"54": { "start": { "line": 55, "column": 0 }, "end": { "line": 55, "column": 14 } },
			"55": { "start": { "line": 56, "column": 0 }, "end": { "line": 56, "column": 48 } },
			"56": { "start": { "line": 57, "column": 0 }, "end": { "line": 57, "column": 14 } },
			"57": { "start": { "line": 58, "column": 0 }, "end": { "line": 58, "column": 54 } },
			"58": { "start": { "line": 59, "column": 0 }, "end": { "line": 59, "column": 13 } },
			"59": { "start": { "line": 60, "column": 0 }, "end": { "line": 60, "column": 24 } },
			"60": { "start": { "line": 61, "column": 0 }, "end": { "line": 61, "column": 53 } },
			"63": { "start": { "line": 64, "column": 0 }, "end": { "line": 64, "column": 68 } },
			"64": { "start": { "line": 65, "column": 0 }, "end": { "line": 65, "column": 40 } },
			"66": { "start": { "line": 67, "column": 0 }, "end": { "line": 67, "column": 28 } },
			"69": { "start": { "line": 70, "column": 0 }, "end": { "line": 70, "column": 31 } },
			"70": { "start": { "line": 71, "column": 0 }, "end": { "line": 71, "column": 32 } },
			"72": { "start": { "line": 73, "column": 0 }, "end": { "line": 73, "column": 43 } },
			"73": { "start": { "line": 74, "column": 0 }, "end": { "line": 74, "column": 51 } },
			"74": { "start": { "line": 75, "column": 0 }, "end": { "line": 75, "column": 97 } },
			"75": { "start": { "line": 76, "column": 0 }, "end": { "line": 76, "column": 63 } },
			"76": { "start": { "line": 77, "column": 0 }, "end": { "line": 77, "column": 53 } },
			"78": { "start": { "line": 79, "column": 0 }, "end": { "line": 79, "column": 81 } },
			"79": { "start": { "line": 80, "column": 0 }, "end": { "line": 80, "column": 14 } },
			"80": { "start": { "line": 81, "column": 0 }, "end": { "line": 81, "column": 17 } },
			"81": { "start": { "line": 82, "column": 0 }, "end": { "line": 82, "column": 8 } },
			"83": { "start": { "line": 84, "column": 0 }, "end": { "line": 84, "column": 79 } },
			"84": { "start": { "line": 85, "column": 0 }, "end": { "line": 85, "column": 64 } },
			"85": { "start": { "line": 86, "column": 0 }, "end": { "line": 86, "column": 27 } },
			"88": { "start": { "line": 89, "column": 0 }, "end": { "line": 89, "column": 23 } },
			"89": { "start": { "line": 90, "column": 0 }, "end": { "line": 90, "column": 33 } },
			"90": { "start": { "line": 91, "column": 0 }, "end": { "line": 91, "column": 23 } },
			"92": { "start": { "line": 93, "column": 0 }, "end": { "line": 93, "column": 58 } },
			"94": { "start": { "line": 95, "column": 0 }, "end": { "line": 95, "column": 75 } },
			"100": { "start": { "line": 101, "column": 0 }, "end": { "line": 101, "column": 28 } },
			"101": { "start": { "line": 102, "column": 0 }, "end": { "line": 102, "column": 24 } },
			"103": { "start": { "line": 104, "column": 0 }, "end": { "line": 104, "column": 22 } },
			"105": { "start": { "line": 106, "column": 0 }, "end": { "line": 106, "column": 34 } },
			"106": { "start": { "line": 107, "column": 0 }, "end": { "line": 107, "column": 43 } },
			"111": { "start": { "line": 112, "column": 0 }, "end": { "line": 112, "column": 37 } },
			"112": { "start": { "line": 113, "column": 0 }, "end": { "line": 113, "column": 91 } },
			"115": { "start": { "line": 116, "column": 0 }, "end": { "line": 116, "column": 9 } },
			"117": { "start": { "line": 118, "column": 0 }, "end": { "line": 118, "column": 21 } },
			"118": { "start": { "line": 119, "column": 0 }, "end": { "line": 119, "column": 50 } },
			"119": { "start": { "line": 120, "column": 0 }, "end": { "line": 120, "column": 30 } },
			"120": { "start": { "line": 121, "column": 0 }, "end": { "line": 121, "column": 80 } },
			"121": { "start": { "line": 122, "column": 0 }, "end": { "line": 122, "column": 36 } },
			"122": { "start": { "line": 123, "column": 0 }, "end": { "line": 123, "column": 57 } },
			"125": { "start": { "line": 126, "column": 0 }, "end": { "line": 126, "column": 10 } },
			"126": { "start": { "line": 127, "column": 0 }, "end": { "line": 127, "column": 9 } },
			"127": { "start": { "line": 128, "column": 0 }, "end": { "line": 128, "column": 21 } },
			"128": { "start": { "line": 129, "column": 0 }, "end": { "line": 129, "column": 52 } },
			"129": { "start": { "line": 130, "column": 0 }, "end": { "line": 130, "column": 21 } },
			"132": { "start": { "line": 133, "column": 0 }, "end": { "line": 133, "column": 27 } },
			"133": { "start": { "line": 134, "column": 0 }, "end": { "line": 134, "column": 23 } },
			"134": { "start": { "line": 135, "column": 0 }, "end": { "line": 135, "column": 76 } },
			"135": { "start": { "line": 136, "column": 0 }, "end": { "line": 136, "column": 50 } },
			"136": { "start": { "line": 137, "column": 0 }, "end": { "line": 137, "column": 12 } },
			"137": { "start": { "line": 138, "column": 0 }, "end": { "line": 138, "column": 48 } },
			"138": { "start": { "line": 139, "column": 0 }, "end": { "line": 139, "column": 50 } },
			"139": { "start": { "line": 140, "column": 0 }, "end": { "line": 140, "column": 80 } },
			"140": { "start": { "line": 141, "column": 0 }, "end": { "line": 141, "column": 12 } },
			"143": { "start": { "line": 144, "column": 0 }, "end": { "line": 144, "column": 9 } },
			"146": { "start": { "line": 147, "column": 0 }, "end": { "line": 147, "column": 24 } },
			"148": { "start": { "line": 149, "column": 0 }, "end": { "line": 149, "column": 29 } },
			"149": { "start": { "line": 150, "column": 0 }, "end": { "line": 150, "column": 27 } },
			"150": { "start": { "line": 151, "column": 0 }, "end": { "line": 151, "column": 34 } },
			"153": { "start": { "line": 154, "column": 0 }, "end": { "line": 154, "column": 33 } },
			"155": { "start": { "line": 156, "column": 0 }, "end": { "line": 156, "column": 10 } },
			"156": { "start": { "line": 157, "column": 0 }, "end": { "line": 157, "column": 29 } },
			"157": { "start": { "line": 158, "column": 0 }, "end": { "line": 158, "column": 76 } },
			"158": { "start": { "line": 159, "column": 0 }, "end": { "line": 159, "column": 35 } },
			"160": { "start": { "line": 161, "column": 0 }, "end": { "line": 161, "column": 10 } },
			"162": { "start": { "line": 163, "column": 0 }, "end": { "line": 163, "column": 8 } }
		},
		"s": {
			"0": 0,
			"1": 0,
			"2": 0,
			"3": 0,
			"5": 0,
			"6": 0,
			"8": 0,
			"9": 0,
			"10": 0,
			"11": 0,
			"12": 0,
			"13": 0,
			"14": 0,
			"15": 0,
			"17": 0,
			"19": 0,
			"20": 0,
			"21": 0,
			"22": 0,
			"24": 0,
			"25": 0,
			"26": 0,
			"28": 0,
			"29": 0,
			"30": 0,
			"31": 0,
			"32": 0,
			"33": 0,
			"35": 0,
			"36": 0,
			"38": 0,
			"40": 0,
			"41": 0,
			"42": 0,
			"44": 0,
			"47": 0,
			"48": 0,
			"50": 0,
			"53": 0,
			"54": 0,
			"55": 0,
			"56": 0,
			"57": 0,
			"58": 0,
			"59": 0,
			"60": 0,
			"63": 0,
			"64": 0,
			"66": 0,
			"69": 0,
			"70": 0,
			"72": 0,
			"73": 0,
			"74": 0,
			"75": 0,
			"76": 0,
			"78": 0,
			"79": 0,
			"80": 0,
			"81": 0,
			"83": 0,
			"84": 0,
			"85": 0,
			"88": 0,
			"89": 0,
			"90": 0,
			"92": 0,
			"94": 0,
			"100": 0,
			"101": 0,
			"103": 0,
			"105": 0,
			"106": 0,
			"111": 0,
			"112": 0,
			"115": 0,
			"117": 0,
			"118": 0,
			"119": 0,
			"120": 0,
			"121": 0,
			"122": 0,
			"125": 0,
			"126": 0,
			"127": 0,
			"128": 0,
			"129": 0,
			"132": 0,
			"133": 0,
			"134": 0,
			"135": 0,
			"136": 0,
			"137": 0,
			"138": 0,
			"139": 0,
			"140": 0,
			"143": 0,
			"146": 0,
			"148": 0,
			"149": 0,
			"150": 0,
			"153": 0,
			"155": 0,
			"156": 0,
			"157": 0,
			"158": 0,
			"160": 0,
			"162": 0
		},
		"branchMap": {
			"0": {
				"type": "branch",
				"line": 1,
				"loc": { "start": { "line": 1, "column": 5954 }, "end": { "line": 225, "column": 8 } },
				"locations": [
					{ "start": { "line": 1, "column": 5954 }, "end": { "line": 225, "column": 8 } }
				]
			}
		},
		"b": { "0": [0] },
		"fnMap": {
			"0": {
				"name": "(empty-report)",
				"decl": { "start": { "line": 1, "column": 5954 }, "end": { "line": 225, "column": 8 } },
				"loc": { "start": { "line": 1, "column": 5954 }, "end": { "line": 225, "column": 8 } },
				"line": 1
			}
		},
		"f": { "0": 0 }
	},
	"/home/node/.openclaw/workspace/projects/metanames-app/src/components/GoBackButton.svelte": {
		"path": "/home/node/.openclaw/workspace/projects/metanames-app/src/components/GoBackButton.svelte",
		"all": true,
		"statementMap": {
			"0": { "start": { "line": 1, "column": 0 }, "end": { "line": 1, "column": 18 } },
			"1": { "start": { "line": 2, "column": 0 }, "end": { "line": 2, "column": 35 } },
			"3": { "start": { "line": 4, "column": 0 }, "end": { "line": 4, "column": 29 } },
			"4": { "start": { "line": 5, "column": 0 }, "end": { "line": 5, "column": 17 } },
			"8": { "start": { "line": 9, "column": 0 }, "end": { "line": 9, "column": 68 } }
		},
		"s": { "0": 0, "1": 0, "3": 0, "4": 0, "8": 0 },
		"branchMap": {
			"0": {
				"type": "branch",
				"line": 1,
				"loc": { "start": { "line": 1, "column": 0 }, "end": { "line": 9, "column": -100 } },
				"locations": [{ "start": { "line": 1, "column": 0 }, "end": { "line": 9, "column": -100 } }]
			}
		},
		"b": { "0": [0] },
		"fnMap": {
			"0": {
				"name": "(empty-report)",
				"decl": { "start": { "line": 1, "column": 0 }, "end": { "line": 9, "column": -100 } },
				"loc": { "start": { "line": 1, "column": 0 }, "end": { "line": 9, "column": -100 } },
				"line": 1
			}
		},
		"f": { "0": 0 }
	},
	"/home/node/.openclaw/workspace/projects/metanames-app/src/components/Icon.svelte": {
		"path": "/home/node/.openclaw/workspace/projects/metanames-app/src/components/Icon.svelte",
		"all": true,
		"statementMap": {
			"0": { "start": { "line": 1, "column": 0 }, "end": { "line": 1, "column": 18 } },
			"1": { "start": { "line": 2, "column": 0 }, "end": { "line": 2, "column": 36 } },
			"3": { "start": { "line": 4, "column": 0 }, "end": { "line": 4, "column": 53 } },
			"4": { "start": { "line": 5, "column": 0 }, "end": { "line": 5, "column": 17 } },
			"6": { "start": { "line": 7, "column": 0 }, "end": { "line": 7, "column": 35 } },
			"7": { "start": { "line": 8, "column": 0 }, "end": { "line": 8, "column": 24 } },
			"8": { "start": { "line": 9, "column": 0 }, "end": { "line": 9, "column": 25 } },
			"9": { "start": { "line": 10, "column": 0 }, "end": { "line": 10, "column": 43 } },
			"11": { "start": { "line": 12, "column": 0 }, "end": { "line": 12, "column": 21 } },
			"12": { "start": { "line": 13, "column": 0 }, "end": { "line": 13, "column": 25 } },
			"13": { "start": { "line": 14, "column": 0 }, "end": { "line": 14, "column": 34 } },
			"14": { "start": { "line": 15, "column": 0 }, "end": { "line": 15, "column": 31 } },
			"15": { "start": { "line": 16, "column": 0 }, "end": { "line": 16, "column": 33 } },
			"21": { "start": { "line": 22, "column": 0 }, "end": { "line": 22, "column": 76 } }
		},
		"s": {
			"0": 0,
			"1": 0,
			"3": 0,
			"4": 0,
			"6": 0,
			"7": 0,
			"8": 0,
			"9": 0,
			"11": 0,
			"12": 0,
			"13": 0,
			"14": 0,
			"15": 0,
			"21": 0
		},
		"branchMap": {
			"0": {
				"type": "branch",
				"line": 1,
				"loc": { "start": { "line": 1, "column": 724 }, "end": { "line": 34, "column": 8 } },
				"locations": [{ "start": { "line": 1, "column": 724 }, "end": { "line": 34, "column": 8 } }]
			}
		},
		"b": { "0": [0] },
		"fnMap": {
			"0": {
				"name": "(empty-report)",
				"decl": { "start": { "line": 1, "column": 724 }, "end": { "line": 34, "column": 8 } },
				"loc": { "start": { "line": 1, "column": 724 }, "end": { "line": 34, "column": 8 } },
				"line": 1
			}
		},
		"f": { "0": 0 }
	},
	"/home/node/.openclaw/workspace/projects/metanames-app/src/components/LoadingButton.svelte": {
		"path": "/home/node/.openclaw/workspace/projects/metanames-app/src/components/LoadingButton.svelte",
		"all": true,
		"statementMap": {
			"0": { "start": { "line": 1, "column": 0 }, "end": { "line": 1, "column": 18 } },
			"1": { "start": { "line": 2, "column": 0 }, "end": { "line": 2, "column": 49 } },
			"2": { "start": { "line": 3, "column": 0 }, "end": { "line": 3, "column": 54 } },
			"3": { "start": { "line": 4, "column": 0 }, "end": { "line": 4, "column": 46 } },
			"4": { "start": { "line": 5, "column": 0 }, "end": { "line": 5, "column": 47 } },
			"5": { "start": { "line": 6, "column": 0 }, "end": { "line": 6, "column": 56 } },
			"6": { "start": { "line": 7, "column": 0 }, "end": { "line": 7, "column": 36 } },
			"8": { "start": { "line": 9, "column": 0 }, "end": { "line": 9, "column": 20 } },
			"10": { "start": { "line": 11, "column": 0 }, "end": { "line": 11, "column": 41 } },
			"11": { "start": { "line": 12, "column": 0 }, "end": { "line": 12, "column": 75 } },
			"12": { "start": { "line": 13, "column": 0 }, "end": { "line": 13, "column": 14 } },
			"13": { "start": { "line": 14, "column": 0 }, "end": { "line": 14, "column": 63 } },
			"14": { "start": { "line": 15, "column": 0 }, "end": { "line": 15, "column": 40 } },
			"16": { "start": { "line": 17, "column": 0 }, "end": { "line": 17, "column": 26 } },
			"17": { "start": { "line": 18, "column": 0 }, "end": { "line": 18, "column": 23 } },
			"18": { "start": { "line": 19, "column": 0 }, "end": { "line": 19, "column": 28 } },
			"20": { "start": { "line": 21, "column": 0 }, "end": { "line": 21, "column": 29 } },
			"21": { "start": { "line": 22, "column": 0 }, "end": { "line": 22, "column": 78 } },
			"23": { "start": { "line": 24, "column": 0 }, "end": { "line": 24, "column": 37 } },
			"25": { "start": { "line": 26, "column": 0 }, "end": { "line": 26, "column": 34 } },
			"26": { "start": { "line": 27, "column": 0 }, "end": { "line": 27, "column": 22 } },
			"27": { "start": { "line": 28, "column": 0 }, "end": { "line": 28, "column": 49 } },
			"29": { "start": { "line": 30, "column": 0 }, "end": { "line": 30, "column": 18 } },
			"30": { "start": { "line": 31, "column": 0 }, "end": { "line": 31, "column": 29 } },
			"33": { "start": { "line": 34, "column": 0 }, "end": { "line": 34, "column": 31 } },
			"34": { "start": { "line": 35, "column": 0 }, "end": { "line": 35, "column": 22 } },
			"36": { "start": { "line": 37, "column": 0 }, "end": { "line": 37, "column": 19 } },
			"37": { "start": { "line": 38, "column": 0 }, "end": { "line": 38, "column": 17 } },
			"38": { "start": { "line": 39, "column": 0 }, "end": { "line": 39, "column": 19 } },
			"41": { "start": { "line": 42, "column": 0 }, "end": { "line": 42, "column": 19 } },
			"42": { "start": { "line": 43, "column": 0 }, "end": { "line": 43, "column": 19 } },
			"43": { "start": { "line": 44, "column": 0 }, "end": { "line": 44, "column": 19 } },
			"44": { "start": { "line": 45, "column": 0 }, "end": { "line": 45, "column": 24 } },
			"47": { "start": { "line": 48, "column": 0 }, "end": { "line": 48, "column": 18 } },
			"49": { "start": { "line": 50, "column": 0 }, "end": { "line": 50, "column": 18 } },
			"50": { "start": { "line": 51, "column": 0 }, "end": { "line": 51, "column": 30 } },
			"51": { "start": { "line": 52, "column": 0 }, "end": { "line": 52, "column": 36 } },
			"52": { "start": { "line": 53, "column": 0 }, "end": { "line": 53, "column": 24 } },
			"53": { "start": { "line": 54, "column": 0 }, "end": { "line": 54, "column": 12 } },
			"59": { "start": { "line": 60, "column": 0 }, "end": { "line": 60, "column": 18 } },
			"60": { "start": { "line": 61, "column": 0 }, "end": { "line": 61, "column": 22 } },
			"61": { "start": { "line": 62, "column": 0 }, "end": { "line": 62, "column": 23 } },
			"63": { "start": { "line": 64, "column": 0 }, "end": { "line": 64, "column": 20 } },
			"66": { "start": { "line": 67, "column": 0 }, "end": { "line": 67, "column": 14 } },
			"67": { "start": { "line": 68, "column": 0 }, "end": { "line": 68, "column": 58 } },
			"69": { "start": { "line": 70, "column": 0 }, "end": { "line": 70, "column": 8 } },
			"70": { "start": { "line": 71, "column": 0 }, "end": { "line": 71, "column": 20 } },
			"72": { "start": { "line": 73, "column": 0 }, "end": { "line": 73, "column": 29 } }
		},
		"s": {
			"0": 0,
			"1": 0,
			"2": 0,
			"3": 0,
			"4": 0,
			"5": 0,
			"6": 0,
			"8": 0,
			"10": 0,
			"11": 0,
			"12": 0,
			"13": 0,
			"14": 0,
			"16": 0,
			"17": 0,
			"18": 0,
			"20": 0,
			"21": 0,
			"23": 0,
			"25": 0,
			"26": 0,
			"27": 0,
			"29": 0,
			"30": 0,
			"33": 0,
			"34": 0,
			"36": 0,
			"37": 0,
			"38": 0,
			"41": 0,
			"42": 0,
			"43": 0,
			"44": 0,
			"47": 0,
			"49": 0,
			"50": 0,
			"51": 0,
			"52": 0,
			"53": 0,
			"59": 0,
			"60": 0,
			"61": 0,
			"63": 0,
			"66": 0,
			"67": 0,
			"69": 0,
			"70": 0,
			"72": 0
		},
		"branchMap": {
			"0": {
				"type": "branch",
				"line": 1,
				"loc": { "start": { "line": 1, "column": 1984 }, "end": { "line": 86, "column": 8 } },
				"locations": [
					{ "start": { "line": 1, "column": 1984 }, "end": { "line": 86, "column": 8 } }
				]
			}
		},
		"b": { "0": [0] },
		"fnMap": {
			"0": {
				"name": "(empty-report)",
				"decl": { "start": { "line": 1, "column": 1984 }, "end": { "line": 86, "column": 8 } },
				"loc": { "start": { "line": 1, "column": 1984 }, "end": { "line": 86, "column": 8 } },
				"line": 1
			}
		},
		"f": { "0": 0 }
	},
	"/home/node/.openclaw/workspace/projects/metanames-app/src/components/Record.svelte": {
		"path": "/home/node/.openclaw/workspace/projects/metanames-app/src/components/Record.svelte",
		"all": true,
		"statementMap": {
			"0": { "start": { "line": 1, "column": 0 }, "end": { "line": 1, "column": 18 } },
			"1": { "start": { "line": 2, "column": 0 }, "end": { "line": 2, "column": 46 } },
			"2": { "start": { "line": 3, "column": 0 }, "end": { "line": 3, "column": 64 } },
			"3": { "start": { "line": 4, "column": 0 }, "end": { "line": 4, "column": 44 } },
			"4": { "start": { "line": 5, "column": 0 }, "end": { "line": 5, "column": 66 } },
			"5": { "start": { "line": 6, "column": 0 }, "end": { "line": 6, "column": 41 } },
			"6": { "start": { "line": 7, "column": 0 }, "end": { "line": 7, "column": 47 } },
			"9": { "start": { "line": 10, "column": 0 }, "end": { "line": 10, "column": 75 } },
			"10": { "start": { "line": 11, "column": 0 }, "end": { "line": 11, "column": 89 } },
			"11": { "start": { "line": 12, "column": 0 }, "end": { "line": 12, "column": 54 } },
			"13": { "start": { "line": 14, "column": 0 }, "end": { "line": 14, "column": 26 } },
			"14": { "start": { "line": 15, "column": 0 }, "end": { "line": 15, "column": 26 } },
			"15": { "start": { "line": 16, "column": 0 }, "end": { "line": 16, "column": 41 } },
			"16": { "start": { "line": 17, "column": 0 }, "end": { "line": 17, "column": 29 } },
			"18": { "start": { "line": 19, "column": 0 }, "end": { "line": 19, "column": 33 } },
			"19": { "start": { "line": 20, "column": 0 }, "end": { "line": 20, "column": 24 } },
			"21": { "start": { "line": 22, "column": 0 }, "end": { "line": 22, "column": 29 } },
			"22": { "start": { "line": 23, "column": 0 }, "end": { "line": 23, "column": 44 } },
			"23": { "start": { "line": 24, "column": 0 }, "end": { "line": 24, "column": 34 } },
			"24": { "start": { "line": 25, "column": 0 }, "end": { "line": 25, "column": 44 } },
			"25": { "start": { "line": 26, "column": 0 }, "end": { "line": 26, "column": 23 } },
			"27": { "start": { "line": 28, "column": 0 }, "end": { "line": 28, "column": 50 } },
			"28": { "start": { "line": 29, "column": 0 }, "end": { "line": 29, "column": 21 } },
			"29": { "start": { "line": 30, "column": 0 }, "end": { "line": 30, "column": 36 } },
			"30": { "start": { "line": 31, "column": 0 }, "end": { "line": 31, "column": 95 } },
			"32": { "start": { "line": 33, "column": 0 }, "end": { "line": 33, "column": 18 } },
			"34": { "start": { "line": 35, "column": 0 }, "end": { "line": 35, "column": 38 } },
			"35": { "start": { "line": 36, "column": 0 }, "end": { "line": 36, "column": 15 } },
			"36": { "start": { "line": 37, "column": 0 }, "end": { "line": 37, "column": 35 } },
			"39": { "start": { "line": 40, "column": 0 }, "end": { "line": 40, "column": 24 } },
			"40": { "start": { "line": 41, "column": 0 }, "end": { "line": 41, "column": 95 } },
			"41": { "start": { "line": 42, "column": 0 }, "end": { "line": 42, "column": 79 } },
			"42": { "start": { "line": 43, "column": 0 }, "end": { "line": 43, "column": 61 } },
			"43": { "start": { "line": 44, "column": 0 }, "end": { "line": 44, "column": 25 } },
			"46": { "start": { "line": 47, "column": 0 }, "end": { "line": 47, "column": 27 } },
			"47": { "start": { "line": 48, "column": 0 }, "end": { "line": 48, "column": 65 } },
			"48": { "start": { "line": 49, "column": 0 }, "end": { "line": 49, "column": 79 } },
			"49": { "start": { "line": 50, "column": 0 }, "end": { "line": 50, "column": 61 } },
			"50": { "start": { "line": 51, "column": 0 }, "end": { "line": 51, "column": 25 } },
			"54": { "start": { "line": 55, "column": 0 }, "end": { "line": 55, "column": 55 } },
			"56": { "start": { "line": 57, "column": 0 }, "end": { "line": 57, "column": 24 } },
			"60": { "start": { "line": 61, "column": 0 }, "end": { "line": 61, "column": 49 } },
			"61": { "start": { "line": 62, "column": 0 }, "end": { "line": 62, "column": 81 } },
			"64": { "start": { "line": 65, "column": 0 }, "end": { "line": 65, "column": 21 } },
			"66": { "start": { "line": 67, "column": 0 }, "end": { "line": 67, "column": 30 } },
			"67": { "start": { "line": 68, "column": 0 }, "end": { "line": 68, "column": 22 } },
			"71": { "start": { "line": 72, "column": 0 }, "end": { "line": 72, "column": 35 } },
			"72": { "start": { "line": 73, "column": 0 }, "end": { "line": 73, "column": 20 } },
			"74": { "start": { "line": 75, "column": 0 }, "end": { "line": 75, "column": 14 } },
			"75": { "start": { "line": 76, "column": 0 }, "end": { "line": 76, "column": 30 } },
			"76": { "start": { "line": 77, "column": 0 }, "end": { "line": 77, "column": 27 } },
			"83": { "start": { "line": 84, "column": 0 }, "end": { "line": 84, "column": 27 } },
			"84": { "start": { "line": 85, "column": 0 }, "end": { "line": 85, "column": 63 } },
			"87": { "start": { "line": 88, "column": 0 }, "end": { "line": 88, "column": 78 } },
			"89": { "start": { "line": 90, "column": 0 }, "end": { "line": 90, "column": 7 } },
			"90": { "start": { "line": 91, "column": 0 }, "end": { "line": 91, "column": 11 } },
			"91": { "start": { "line": 92, "column": 0 }, "end": { "line": 92, "column": 23 } },
			"92": { "start": { "line": 93, "column": 0 }, "end": { "line": 93, "column": 56 } },
			"95": { "start": { "line": 96, "column": 0 }, "end": { "line": 96, "column": 70 } },
			"98": { "start": { "line": 99, "column": 0 }, "end": { "line": 99, "column": 8 } },
			"99": { "start": { "line": 100, "column": 0 }, "end": { "line": 100, "column": 20 } },
			"100": { "start": { "line": 101, "column": 0 }, "end": { "line": 101, "column": 23 } },
			"102": { "start": { "line": 103, "column": 0 }, "end": { "line": 103, "column": 33 } },
			"103": { "start": { "line": 104, "column": 0 }, "end": { "line": 104, "column": 32 } },
			"109": { "start": { "line": 110, "column": 0 }, "end": { "line": 110, "column": 40 } },
			"110": { "start": { "line": 111, "column": 0 }, "end": { "line": 111, "column": 32 } },
			"115": { "start": { "line": 116, "column": 0 }, "end": { "line": 116, "column": 8 } },
			"117": { "start": { "line": 118, "column": 0 }, "end": { "line": 118, "column": 6 } }
		},
		"s": {
			"0": 0,
			"1": 0,
			"2": 0,
			"3": 0,
			"4": 0,
			"5": 0,
			"6": 0,
			"9": 0,
			"10": 0,
			"11": 0,
			"13": 0,
			"14": 0,
			"15": 0,
			"16": 0,
			"18": 0,
			"19": 0,
			"21": 0,
			"22": 0,
			"23": 0,
			"24": 0,
			"25": 0,
			"27": 0,
			"28": 0,
			"29": 0,
			"30": 0,
			"32": 0,
			"34": 0,
			"35": 0,
			"36": 0,
			"39": 0,
			"40": 0,
			"41": 0,
			"42": 0,
			"43": 0,
			"46": 0,
			"47": 0,
			"48": 0,
			"49": 0,
			"50": 0,
			"54": 0,
			"56": 0,
			"60": 0,
			"61": 0,
			"64": 0,
			"66": 0,
			"67": 0,
			"71": 0,
			"72": 0,
			"74": 0,
			"75": 0,
			"76": 0,
			"83": 0,
			"84": 0,
			"87": 0,
			"89": 0,
			"90": 0,
			"91": 0,
			"92": 0,
			"95": 0,
			"98": 0,
			"99": 0,
			"100": 0,
			"102": 0,
			"103": 0,
			"109": 0,
			"110": 0,
			"115": 0,
			"117": 0
		},
		"branchMap": {
			"0": {
				"type": "branch",
				"line": 1,
				"loc": { "start": { "line": 1, "column": 3887 }, "end": { "line": 147, "column": 8 } },
				"locations": [
					{ "start": { "line": 1, "column": 3887 }, "end": { "line": 147, "column": 8 } }
				]
			}
		},
		"b": { "0": [0] },
		"fnMap": {
			"0": {
				"name": "(empty-report)",
				"decl": { "start": { "line": 1, "column": 3887 }, "end": { "line": 147, "column": 8 } },
				"loc": { "start": { "line": 1, "column": 3887 }, "end": { "line": 147, "column": 8 } },
				"line": 1
			}
		},
		"f": { "0": 0 }
	},
	"/home/node/.openclaw/workspace/projects/metanames-app/src/components/Records.svelte": {
		"path": "/home/node/.openclaw/workspace/projects/metanames-app/src/components/Records.svelte",
		"all": true,
		"statementMap": {
			"0": { "start": { "line": 1, "column": 0 }, "end": { "line": 1, "column": 18 } },
			"2": { "start": { "line": 3, "column": 0 }, "end": { "line": 3, "column": 50 } },
			"4": { "start": { "line": 5, "column": 0 }, "end": { "line": 5, "column": 89 } },
			"5": { "start": { "line": 6, "column": 0 }, "end": { "line": 6, "column": 50 } },
			"7": { "start": { "line": 8, "column": 0 }, "end": { "line": 8, "column": 38 } },
			"8": { "start": { "line": 9, "column": 0 }, "end": { "line": 9, "column": 47 } },
			"9": { "start": { "line": 10, "column": 0 }, "end": { "line": 10, "column": 41 } },
			"10": { "start": { "line": 11, "column": 0 }, "end": { "line": 11, "column": 75 } },
			"11": { "start": { "line": 12, "column": 0 }, "end": { "line": 12, "column": 65 } },
			"12": { "start": { "line": 13, "column": 0 }, "end": { "line": 13, "column": 60 } },
			"13": { "start": { "line": 14, "column": 0 }, "end": { "line": 14, "column": 54 } },
			"15": { "start": { "line": 16, "column": 0 }, "end": { "line": 16, "column": 33 } },
			"16": { "start": { "line": 17, "column": 0 }, "end": { "line": 17, "column": 44 } },
			"17": { "start": { "line": 18, "column": 0 }, "end": { "line": 18, "column": 41 } },
			"19": { "start": { "line": 20, "column": 0 }, "end": { "line": 20, "column": 45 } },
			"20": { "start": { "line": 21, "column": 0 }, "end": { "line": 21, "column": 33 } },
			"21": { "start": { "line": 22, "column": 0 }, "end": { "line": 22, "column": 32 } },
			"23": { "start": { "line": 24, "column": 0 }, "end": { "line": 24, "column": 46 } },
			"24": { "start": { "line": 25, "column": 0 }, "end": { "line": 25, "column": 84 } },
			"25": { "start": { "line": 26, "column": 0 }, "end": { "line": 26, "column": 49 } },
			"26": { "start": { "line": 27, "column": 0 }, "end": { "line": 27, "column": 65 } },
			"27": { "start": { "line": 28, "column": 0 }, "end": { "line": 28, "column": 80 } },
			"29": { "start": { "line": 30, "column": 0 }, "end": { "line": 30, "column": 75 } },
			"30": { "start": { "line": 31, "column": 0 }, "end": { "line": 31, "column": 24 } },
			"31": { "start": { "line": 32, "column": 0 }, "end": { "line": 32, "column": 21 } },
			"32": { "start": { "line": 33, "column": 0 }, "end": { "line": 33, "column": 95 } },
			"33": { "start": { "line": 34, "column": 0 }, "end": { "line": 34, "column": 85 } },
			"34": { "start": { "line": 35, "column": 0 }, "end": { "line": 35, "column": 98 } },
			"35": { "start": { "line": 36, "column": 0 }, "end": { "line": 36, "column": 29 } },
			"36": { "start": { "line": 37, "column": 0 }, "end": { "line": 37, "column": 94 } },
			"38": { "start": { "line": 39, "column": 0 }, "end": { "line": 39, "column": 32 } },
			"39": { "start": { "line": 40, "column": 0 }, "end": { "line": 40, "column": 66 } },
			"40": { "start": { "line": 41, "column": 0 }, "end": { "line": 41, "column": 28 } },
			"42": { "start": { "line": 43, "column": 0 }, "end": { "line": 43, "column": 80 } },
			"44": { "start": { "line": 45, "column": 0 }, "end": { "line": 45, "column": 62 } },
			"45": { "start": { "line": 46, "column": 0 }, "end": { "line": 46, "column": 98 } },
			"46": { "start": { "line": 47, "column": 0 }, "end": { "line": 47, "column": 79 } },
			"47": { "start": { "line": 48, "column": 0 }, "end": { "line": 48, "column": 60 } },
			"49": { "start": { "line": 50, "column": 0 }, "end": { "line": 50, "column": 49 } },
			"50": { "start": { "line": 51, "column": 0 }, "end": { "line": 51, "column": 35 } },
			"51": { "start": { "line": 52, "column": 0 }, "end": { "line": 52, "column": 23 } },
			"52": { "start": { "line": 53, "column": 0 }, "end": { "line": 53, "column": 30 } },
			"57": { "start": { "line": 58, "column": 0 }, "end": { "line": 58, "column": 21 } },
			"58": { "start": { "line": 59, "column": 0 }, "end": { "line": 59, "column": 6 } },
			"59": { "start": { "line": 60, "column": 0 }, "end": { "line": 60, "column": 53 } },
			"60": { "start": { "line": 61, "column": 0 }, "end": { "line": 61, "column": 45 } },
			"62": { "start": { "line": 63, "column": 0 }, "end": { "line": 63, "column": 38 } },
			"63": { "start": { "line": 64, "column": 0 }, "end": { "line": 64, "column": 22 } },
			"64": { "start": { "line": 65, "column": 0 }, "end": { "line": 65, "column": 86 } },
			"65": { "start": { "line": 66, "column": 0 }, "end": { "line": 66, "column": 10 } },
			"68": { "start": { "line": 69, "column": 0 }, "end": { "line": 69, "column": 7 } },
			"69": { "start": { "line": 70, "column": 0 }, "end": { "line": 70, "column": 14 } },
			"70": { "start": { "line": 71, "column": 0 }, "end": { "line": 71, "column": 8 } },
			"71": { "start": { "line": 72, "column": 0 }, "end": { "line": 72, "column": 26 } },
			"74": { "start": { "line": 75, "column": 0 }, "end": { "line": 75, "column": 36 } },
			"76": { "start": { "line": 77, "column": 0 }, "end": { "line": 77, "column": 33 } },
			"79": { "start": { "line": 80, "column": 0 }, "end": { "line": 80, "column": 41 } },
			"80": { "start": { "line": 81, "column": 0 }, "end": { "line": 81, "column": 43 } },
			"83": { "start": { "line": 84, "column": 0 }, "end": { "line": 84, "column": 22 } },
			"86": { "start": { "line": 87, "column": 0 }, "end": { "line": 87, "column": 32 } },
			"87": { "start": { "line": 88, "column": 0 }, "end": { "line": 88, "column": 46 } },
			"89": { "start": { "line": 90, "column": 0 }, "end": { "line": 90, "column": 38 } },
			"93": { "start": { "line": 94, "column": 0 }, "end": { "line": 94, "column": 40 } },
			"94": { "start": { "line": 95, "column": 0 }, "end": { "line": 95, "column": 91 } },
			"98": { "start": { "line": 99, "column": 0 }, "end": { "line": 99, "column": 9 } },
			"101": { "start": { "line": 102, "column": 0 }, "end": { "line": 102, "column": 65 } },
			"102": { "start": { "line": 103, "column": 0 }, "end": { "line": 103, "column": 26 } },
			"105": { "start": { "line": 106, "column": 0 }, "end": { "line": 106, "column": 29 } },
			"107": { "start": { "line": 108, "column": 0 }, "end": { "line": 108, "column": 8 } },
			"111": { "start": { "line": 112, "column": 0 }, "end": { "line": 112, "column": 6 } }
		},
		"s": {
			"0": 0,
			"2": 0,
			"4": 0,
			"5": 0,
			"7": 0,
			"8": 0,
			"9": 0,
			"10": 0,
			"11": 0,
			"12": 0,
			"13": 0,
			"15": 0,
			"16": 0,
			"17": 0,
			"19": 0,
			"20": 0,
			"21": 0,
			"23": 0,
			"24": 0,
			"25": 0,
			"26": 0,
			"27": 0,
			"29": 0,
			"30": 0,
			"31": 0,
			"32": 0,
			"33": 0,
			"34": 0,
			"35": 0,
			"36": 0,
			"38": 0,
			"39": 0,
			"40": 0,
			"42": 0,
			"44": 0,
			"45": 0,
			"46": 0,
			"47": 0,
			"49": 0,
			"50": 0,
			"51": 0,
			"52": 0,
			"57": 0,
			"58": 0,
			"59": 0,
			"60": 0,
			"62": 0,
			"63": 0,
			"64": 0,
			"65": 0,
			"68": 0,
			"69": 0,
			"70": 0,
			"71": 0,
			"74": 0,
			"76": 0,
			"79": 0,
			"80": 0,
			"83": 0,
			"86": 0,
			"87": 0,
			"89": 0,
			"93": 0,
			"94": 0,
			"98": 0,
			"101": 0,
			"102": 0,
			"105": 0,
			"107": 0,
			"111": 0
		},
		"branchMap": {
			"0": {
				"type": "branch",
				"line": 1,
				"loc": { "start": { "line": 1, "column": 4547 }, "end": { "line": 163, "column": 8 } },
				"locations": [
					{ "start": { "line": 1, "column": 4547 }, "end": { "line": 163, "column": 8 } }
				]
			}
		},
		"b": { "0": [0] },
		"fnMap": {
			"0": {
				"name": "(empty-report)",
				"decl": { "start": { "line": 1, "column": 4547 }, "end": { "line": 163, "column": 8 } },
				"loc": { "start": { "line": 1, "column": 4547 }, "end": { "line": 163, "column": 8 } },
				"line": 1
			}
		},
		"f": { "0": 0 }
	},
	"/home/node/.openclaw/workspace/projects/metanames-app/src/lib/api.ts": {
		"path": "/home/node/.openclaw/workspace/projects/metanames-app/src/lib/api.ts",
		"all": false,
		"statementMap": {
			"0": { "start": { "line": 1, "column": 0 }, "end": { "line": 1, "column": 53 } },
			"3": { "start": { "line": 4, "column": 0 }, "end": { "line": 4, "column": 38 } },
			"4": { "start": { "line": 5, "column": 0 }, "end": { "line": 5, "column": 13 } },
			"5": { "start": { "line": 6, "column": 0 }, "end": { "line": 6, "column": 26 } },
			"6": { "start": { "line": 7, "column": 0 }, "end": { "line": 7, "column": 26 } },
			"7": { "start": { "line": 8, "column": 0 }, "end": { "line": 8, "column": 14 } },
			"9": { "start": { "line": 10, "column": 0 }, "end": { "line": 10, "column": 6 } },
			"10": { "start": { "line": 11, "column": 0 }, "end": { "line": 11, "column": 39 } },
			"11": { "start": { "line": 12, "column": 0 }, "end": { "line": 12, "column": 37 } },
			"12": { "start": { "line": 13, "column": 0 }, "end": { "line": 13, "column": 21 } },
			"13": { "start": { "line": 14, "column": 0 }, "end": { "line": 14, "column": 40 } },
			"14": { "start": { "line": 15, "column": 0 }, "end": { "line": 15, "column": 48 } },
			"16": { "start": { "line": 17, "column": 0 }, "end": { "line": 17, "column": 29 } },
			"17": { "start": { "line": 18, "column": 0 }, "end": { "line": 18, "column": 3 } },
			"19": { "start": { "line": 20, "column": 0 }, "end": { "line": 20, "column": 14 } },
			"20": { "start": { "line": 21, "column": 0 }, "end": { "line": 21, "column": 18 } },
			"21": { "start": { "line": 22, "column": 0 }, "end": { "line": 22, "column": 23 } },
			"23": { "start": { "line": 24, "column": 0 }, "end": { "line": 24, "column": 65 } },
			"25": { "start": { "line": 26, "column": 0 }, "end": { "line": 26, "column": 43 } },
			"26": { "start": { "line": 27, "column": 0 }, "end": { "line": 27, "column": 2 } },
			"27": { "start": { "line": 28, "column": 0 }, "end": { "line": 28, "column": 1 } }
		},
		"s": {
			"0": 1,
			"3": 10,
			"4": 10,
			"5": 10,
			"6": 10,
			"7": 10,
			"9": 10,
			"10": 10,
			"11": 7,
			"12": 10,
			"13": 4,
			"14": 4,
			"16": 4,
			"17": 4,
			"19": 3,
			"20": 3,
			"21": 3,
			"23": 3,
			"25": 3,
			"26": 3,
			"27": 10
		},
		"branchMap": {
			"0": {
				"type": "branch",
				"line": 4,
				"loc": { "start": { "line": 4, "column": 0 }, "end": { "line": 28, "column": 1 } },
				"locations": [{ "start": { "line": 4, "column": 0 }, "end": { "line": 28, "column": 1 } }]
			},
			"1": {
				"type": "branch",
				"line": 11,
				"loc": { "start": { "line": 11, "column": 37 }, "end": { "line": 13, "column": 20 } },
				"locations": [
					{ "start": { "line": 11, "column": 37 }, "end": { "line": 13, "column": 20 } }
				]
			},
			"2": {
				"type": "branch",
				"line": 13,
				"loc": { "start": { "line": 13, "column": 20 }, "end": { "line": 27, "column": 2 } },
				"locations": [{ "start": { "line": 13, "column": 20 }, "end": { "line": 27, "column": 2 } }]
			},
			"3": {
				"type": "branch",
				"line": 13,
				"loc": { "start": { "line": 13, "column": 20 }, "end": { "line": 18, "column": 3 } },
				"locations": [{ "start": { "line": 13, "column": 20 }, "end": { "line": 18, "column": 3 } }]
			},
			"4": {
				"type": "branch",
				"line": 15,
				"loc": { "start": { "line": 15, "column": 27 }, "end": { "line": 15, "column": 48 } },
				"locations": [
					{ "start": { "line": 15, "column": 27 }, "end": { "line": 15, "column": 48 } }
				]
			},
			"5": {
				"type": "branch",
				"line": 18,
				"loc": { "start": { "line": 18, "column": 2 }, "end": { "line": 27, "column": 2 } },
				"locations": [{ "start": { "line": 18, "column": 2 }, "end": { "line": 27, "column": 2 } }]
			}
		},
		"b": { "0": [10], "1": [7], "2": [6], "3": [4], "4": [2], "5": [3] },
		"fnMap": {
			"0": {
				"name": "fetchApiJson",
				"decl": { "start": { "line": 4, "column": 0 }, "end": { "line": 28, "column": 1 } },
				"loc": { "start": { "line": 4, "column": 0 }, "end": { "line": 28, "column": 1 } },
				"line": 4
			}
		},
		"f": { "0": 10 }
	},
	"/home/node/.openclaw/workspace/projects/metanames-app/src/lib/config.ts": {
		"path": "/home/node/.openclaw/workspace/projects/metanames-app/src/lib/config.ts",
		"all": false,
		"statementMap": {
			"0": { "start": { "line": 1, "column": 0 }, "end": { "line": 1, "column": 44 } },
			"17": { "start": { "line": 18, "column": 0 }, "end": { "line": 18, "column": 55 } },
			"18": { "start": { "line": 19, "column": 0 }, "end": { "line": 19, "column": 103 } },
			"19": { "start": { "line": 20, "column": 0 }, "end": { "line": 20, "column": 81 } },
			"21": { "start": { "line": 22, "column": 0 }, "end": { "line": 22, "column": 88 } },
			"22": { "start": { "line": 23, "column": 0 }, "end": { "line": 23, "column": 57 } },
			"23": { "start": { "line": 24, "column": 0 }, "end": { "line": 24, "column": 57 } },
			"24": { "start": { "line": 25, "column": 0 }, "end": { "line": 25, "column": 79 } },
			"26": { "start": { "line": 27, "column": 0 }, "end": { "line": 27, "column": 30 } },
			"27": { "start": { "line": 28, "column": 0 }, "end": { "line": 28, "column": 55 } },
			"28": { "start": { "line": 29, "column": 0 }, "end": { "line": 29, "column": 54 } },
			"29": { "start": { "line": 30, "column": 0 }, "end": { "line": 30, "column": 2 } },
			"30": { "start": { "line": 31, "column": 0 }, "end": { "line": 31, "column": 43 } },
			"31": { "start": { "line": 32, "column": 0 }, "end": { "line": 32, "column": 86 } },
			"33": { "start": { "line": 34, "column": 0 }, "end": { "line": 34, "column": 31 } },
			"34": { "start": { "line": 35, "column": 0 }, "end": { "line": 35, "column": 12 } },
			"35": { "start": { "line": 36, "column": 0 }, "end": { "line": 36, "column": 9 } },
			"36": { "start": { "line": 37, "column": 0 }, "end": { "line": 37, "column": 18 } },
			"37": { "start": { "line": 38, "column": 0 }, "end": { "line": 38, "column": 13 } },
			"38": { "start": { "line": 39, "column": 0 }, "end": { "line": 39, "column": 24 } },
			"39": { "start": { "line": 40, "column": 0 }, "end": { "line": 40, "column": 16 } },
			"40": { "start": { "line": 41, "column": 0 }, "end": { "line": 41, "column": 43 } },
			"41": { "start": { "line": 42, "column": 0 }, "end": { "line": 42, "column": 12 } },
			"42": { "start": { "line": 43, "column": 0 }, "end": { "line": 43, "column": 37 } },
			"43": { "start": { "line": 44, "column": 0 }, "end": { "line": 44, "column": 11 } },
			"44": { "start": { "line": 45, "column": 0 }, "end": { "line": 45, "column": 2 } }
		},
		"s": {
			"0": 1,
			"17": 1,
			"18": 1,
			"19": 1,
			"21": 1,
			"22": 1,
			"23": 1,
			"24": 1,
			"26": 1,
			"27": 1,
			"28": 1,
			"29": 1,
			"30": 1,
			"31": 1,
			"33": 1,
			"34": 1,
			"35": 1,
			"36": 1,
			"37": 1,
			"38": 1,
			"39": 1,
			"40": 1,
			"41": 1,
			"42": 1,
			"43": 1,
			"44": 1
		},
		"branchMap": {
			"0": {
				"type": "branch",
				"line": 19,
				"loc": { "start": { "line": 19, "column": 62 }, "end": { "line": 19, "column": 77 } },
				"locations": [
					{ "start": { "line": 19, "column": 62 }, "end": { "line": 19, "column": 77 } }
				]
			},
			"1": {
				"type": "branch",
				"line": 20,
				"loc": { "start": { "line": 20, "column": 63 }, "end": { "line": 20, "column": 78 } },
				"locations": [
					{ "start": { "line": 20, "column": 63 }, "end": { "line": 20, "column": 78 } }
				]
			},
			"2": {
				"type": "branch",
				"line": 22,
				"loc": { "start": { "line": 22, "column": 59 }, "end": { "line": 22, "column": 88 } },
				"locations": [
					{ "start": { "line": 22, "column": 59 }, "end": { "line": 22, "column": 88 } }
				]
			},
			"3": {
				"type": "branch",
				"line": 32,
				"loc": { "start": { "line": 32, "column": 17 }, "end": { "line": 32, "column": 57 } },
				"locations": [
					{ "start": { "line": 32, "column": 17 }, "end": { "line": 32, "column": 57 } }
				]
			}
		},
		"b": { "0": [0], "1": [0], "2": [0], "3": [0] },
		"fnMap": {},
		"f": {}
	},
	"/home/node/.openclaw/workspace/projects/metanames-app/src/lib/error.ts": {
		"path": "/home/node/.openclaw/workspace/projects/metanames-app/src/lib/error.ts",
		"all": true,
		"statementMap": {
			"0": { "start": { "line": 1, "column": 0 }, "end": { "line": 1, "column": 49 } },
			"2": { "start": { "line": 3, "column": 0 }, "end": { "line": 3, "column": 53 } },
			"3": { "start": { "line": 4, "column": 0 }, "end": { "line": 4, "column": 39 } },
			"4": { "start": { "line": 5, "column": 0 }, "end": { "line": 5, "column": 44 } },
			"5": { "start": { "line": 6, "column": 0 }, "end": { "line": 6, "column": 41 } },
			"6": { "start": { "line": 7, "column": 0 }, "end": { "line": 7, "column": 2 } },
			"7": { "start": { "line": 8, "column": 0 }, "end": { "line": 8, "column": 1 } }
		},
		"s": { "0": 0, "2": 0, "3": 0, "4": 0, "5": 0, "6": 0, "7": 0 },
		"branchMap": {
			"0": {
				"type": "branch",
				"line": 1,
				"loc": { "start": { "line": 1, "column": 236 }, "end": { "line": 8, "column": 1 } },
				"locations": [{ "start": { "line": 1, "column": 236 }, "end": { "line": 8, "column": 1 } }]
			}
		},
		"b": { "0": [0] },
		"fnMap": {
			"0": {
				"name": "(empty-report)",
				"decl": { "start": { "line": 1, "column": 236 }, "end": { "line": 8, "column": 1 } },
				"loc": { "start": { "line": 1, "column": 236 }, "end": { "line": 8, "column": 1 } },
				"line": 1
			}
		},
		"f": { "0": 0 }
	},
	"/home/node/.openclaw/workspace/projects/metanames-app/src/lib/index.ts": {
		"path": "/home/node/.openclaw/workspace/projects/metanames-app/src/lib/index.ts",
		"all": true,
		"statementMap": {
			"0": { "start": { "line": 1, "column": 0 }, "end": { "line": 1, "column": 25 } },
			"1": { "start": { "line": 2, "column": 0 }, "end": { "line": 2, "column": 22 } },
			"2": { "start": { "line": 3, "column": 0 }, "end": { "line": 3, "column": 22 } },
			"3": { "start": { "line": 4, "column": 0 }, "end": { "line": 4, "column": 24 } },
			"4": { "start": { "line": 5, "column": 0 }, "end": { "line": 5, "column": 25 } }
		},
		"s": { "0": 0, "1": 0, "2": 0, "3": 0, "4": 0 },
		"branchMap": {
			"0": {
				"type": "branch",
				"line": 1,
				"loc": { "start": { "line": 1, "column": 0 }, "end": { "line": 5, "column": -83 } },
				"locations": [{ "start": { "line": 1, "column": 0 }, "end": { "line": 5, "column": -83 } }]
			}
		},
		"b": { "0": [0] },
		"fnMap": {
			"0": {
				"name": "(empty-report)",
				"decl": { "start": { "line": 1, "column": 0 }, "end": { "line": 5, "column": -83 } },
				"loc": { "start": { "line": 1, "column": 0 }, "end": { "line": 5, "column": -83 } },
				"line": 1
			}
		},
		"f": { "0": 0 }
	},
	"/home/node/.openclaw/workspace/projects/metanames-app/src/lib/proposal.ts": {
		"path": "/home/node/.openclaw/workspace/projects/metanames-app/src/lib/proposal.ts",
		"all": false,
		"statementMap": {
			"0": { "start": { "line": 1, "column": 0 }, "end": { "line": 1, "column": 8 } },
			"8": { "start": { "line": 9, "column": 0 }, "end": { "line": 9, "column": 95 } },
			"9": { "start": { "line": 10, "column": 0 }, "end": { "line": 10, "column": 50 } },
			"10": { "start": { "line": 11, "column": 0 }, "end": { "line": 11, "column": 67 } },
			"12": { "start": { "line": 13, "column": 0 }, "end": { "line": 13, "column": 57 } },
			"13": { "start": { "line": 14, "column": 0 }, "end": { "line": 14, "column": 32 } },
			"14": { "start": { "line": 15, "column": 0 }, "end": { "line": 15, "column": 72 } },
			"16": { "start": { "line": 17, "column": 0 }, "end": { "line": 17, "column": 30 } },
			"17": { "start": { "line": 18, "column": 0 }, "end": { "line": 18, "column": 2 } },
			"19": { "start": { "line": 20, "column": 0 }, "end": { "line": 20, "column": 98 } },
			"20": { "start": { "line": 21, "column": 0 }, "end": { "line": 21, "column": 53 } },
			"21": { "start": { "line": 22, "column": 0 }, "end": { "line": 22, "column": 67 } },
			"23": { "start": { "line": 24, "column": 0 }, "end": { "line": 24, "column": 60 } },
			"24": { "start": { "line": 25, "column": 0 }, "end": { "line": 25, "column": 32 } },
			"25": { "start": { "line": 26, "column": 0 }, "end": { "line": 26, "column": 72 } },
			"27": { "start": { "line": 28, "column": 0 }, "end": { "line": 28, "column": 30 } },
			"28": { "start": { "line": 29, "column": 0 }, "end": { "line": 29, "column": 2 } },
			"30": { "start": { "line": 31, "column": 0 }, "end": { "line": 31, "column": 87 } },
			"31": { "start": { "line": 32, "column": 0 }, "end": { "line": 32, "column": 44 } },
			"32": { "start": { "line": 33, "column": 0 }, "end": { "line": 33, "column": 61 } },
			"34": { "start": { "line": 35, "column": 0 }, "end": { "line": 35, "column": 51 } },
			"35": { "start": { "line": 36, "column": 0 }, "end": { "line": 36, "column": 19 } },
			"37": { "start": { "line": 38, "column": 0 }, "end": { "line": 38, "column": 30 } },
			"38": { "start": { "line": 39, "column": 0 }, "end": { "line": 39, "column": 2 } },
			"40": { "start": { "line": 41, "column": 0 }, "end": { "line": 41, "column": 62 } },
			"41": { "start": { "line": 42, "column": 0 }, "end": { "line": 42, "column": 88 } },
			"42": { "start": { "line": 43, "column": 0 }, "end": { "line": 43, "column": 72 } },
			"44": { "start": { "line": 45, "column": 0 }, "end": { "line": 45, "column": 17 } },
			"45": { "start": { "line": 46, "column": 0 }, "end": { "line": 46, "column": 2 } },
			"47": { "start": { "line": 48, "column": 0 }, "end": { "line": 48, "column": 65 } },
			"48": { "start": { "line": 49, "column": 0 }, "end": { "line": 49, "column": 71 } },
			"49": { "start": { "line": 50, "column": 0 }, "end": { "line": 50, "column": 68 } },
			"50": { "start": { "line": 51, "column": 0 }, "end": { "line": 51, "column": 28 } },
			"51": { "start": { "line": 52, "column": 0 }, "end": { "line": 52, "column": 75 } },
			"53": { "start": { "line": 54, "column": 0 }, "end": { "line": 54, "column": 45 } },
			"54": { "start": { "line": 55, "column": 0 }, "end": { "line": 55, "column": 29 } },
			"55": { "start": { "line": 56, "column": 0 }, "end": { "line": 56, "column": 36 } },
			"57": { "start": { "line": 58, "column": 0 }, "end": { "line": 58, "column": 34 } },
			"58": { "start": { "line": 59, "column": 0 }, "end": { "line": 59, "column": 25 } },
			"59": { "start": { "line": 60, "column": 0 }, "end": { "line": 60, "column": 4 } },
			"61": { "start": { "line": 62, "column": 0 }, "end": { "line": 62, "column": 15 } },
			"62": { "start": { "line": 63, "column": 0 }, "end": { "line": 63, "column": 2 } },
			"64": { "start": { "line": 65, "column": 0 }, "end": { "line": 65, "column": 49 } },
			"65": { "start": { "line": 66, "column": 0 }, "end": { "line": 66, "column": 45 } },
			"66": { "start": { "line": 67, "column": 0 }, "end": { "line": 67, "column": 53 } },
			"67": { "start": { "line": 68, "column": 0 }, "end": { "line": 68, "column": 26 } },
			"69": { "start": { "line": 70, "column": 0 }, "end": { "line": 70, "column": 29 } },
			"70": { "start": { "line": 71, "column": 0 }, "end": { "line": 71, "column": 2 } }
		},
		"s": {
			"0": 1,
			"8": 1,
			"9": 4,
			"10": 4,
			"12": 3,
			"13": 3,
			"14": 3,
			"16": 3,
			"17": 3,
			"19": 1,
			"20": 3,
			"21": 3,
			"23": 2,
			"24": 2,
			"25": 2,
			"27": 2,
			"28": 2,
			"30": 1,
			"31": 3,
			"32": 3,
			"34": 2,
			"35": 2,
			"37": 2,
			"38": 2,
			"40": 1,
			"41": 2,
			"42": 2,
			"44": 1,
			"45": 1,
			"47": 1,
			"48": 4,
			"49": 4,
			"50": 3,
			"51": 4,
			"53": 2,
			"54": 2,
			"55": 5,
			"57": 5,
			"58": 2,
			"59": 2,
			"61": 2,
			"62": 2,
			"64": 1,
			"65": 7,
			"66": 7,
			"67": 7,
			"69": 7,
			"70": 7
		},
		"branchMap": {
			"0": {
				"type": "branch",
				"line": 9,
				"loc": { "start": { "line": 9, "column": 38 }, "end": { "line": 18, "column": 2 } },
				"locations": [{ "start": { "line": 9, "column": 38 }, "end": { "line": 18, "column": 2 } }]
			},
			"1": {
				"type": "branch",
				"line": 11,
				"loc": { "start": { "line": 11, "column": 2 }, "end": { "line": 11, "column": 67 } },
				"locations": [{ "start": { "line": 11, "column": 2 }, "end": { "line": 11, "column": 67 } }]
			},
			"2": {
				"type": "branch",
				"line": 11,
				"loc": { "start": { "line": 11, "column": 65 }, "end": { "line": 18, "column": 2 } },
				"locations": [{ "start": { "line": 11, "column": 65 }, "end": { "line": 18, "column": 2 } }]
			},
			"3": {
				"type": "branch",
				"line": 15,
				"loc": { "start": { "line": 15, "column": 12 }, "end": { "line": 15, "column": 70 } },
				"locations": [
					{ "start": { "line": 15, "column": 12 }, "end": { "line": 15, "column": 70 } }
				]
			},
			"4": {
				"type": "branch",
				"line": 20,
				"loc": { "start": { "line": 20, "column": 41 }, "end": { "line": 29, "column": 2 } },
				"locations": [{ "start": { "line": 20, "column": 41 }, "end": { "line": 29, "column": 2 } }]
			},
			"5": {
				"type": "branch",
				"line": 22,
				"loc": { "start": { "line": 22, "column": 2 }, "end": { "line": 22, "column": 67 } },
				"locations": [{ "start": { "line": 22, "column": 2 }, "end": { "line": 22, "column": 67 } }]
			},
			"6": {
				"type": "branch",
				"line": 22,
				"loc": { "start": { "line": 22, "column": 65 }, "end": { "line": 29, "column": 2 } },
				"locations": [{ "start": { "line": 22, "column": 65 }, "end": { "line": 29, "column": 2 } }]
			},
			"7": {
				"type": "branch",
				"line": 26,
				"loc": { "start": { "line": 26, "column": 12 }, "end": { "line": 26, "column": 70 } },
				"locations": [
					{ "start": { "line": 26, "column": 12 }, "end": { "line": 26, "column": 70 } }
				]
			},
			"8": {
				"type": "branch",
				"line": 31,
				"loc": { "start": { "line": 31, "column": 33 }, "end": { "line": 39, "column": 2 } },
				"locations": [{ "start": { "line": 31, "column": 33 }, "end": { "line": 39, "column": 2 } }]
			},
			"9": {
				"type": "branch",
				"line": 33,
				"loc": { "start": { "line": 33, "column": 2 }, "end": { "line": 33, "column": 61 } },
				"locations": [{ "start": { "line": 33, "column": 2 }, "end": { "line": 33, "column": 61 } }]
			},
			"10": {
				"type": "branch",
				"line": 33,
				"loc": { "start": { "line": 33, "column": 59 }, "end": { "line": 39, "column": 2 } },
				"locations": [{ "start": { "line": 33, "column": 59 }, "end": { "line": 39, "column": 2 } }]
			},
			"11": {
				"type": "branch",
				"line": 41,
				"loc": { "start": { "line": 41, "column": 27 }, "end": { "line": 46, "column": 2 } },
				"locations": [{ "start": { "line": 41, "column": 27 }, "end": { "line": 46, "column": 2 } }]
			},
			"12": {
				"type": "branch",
				"line": 42,
				"loc": { "start": { "line": 42, "column": 67 }, "end": { "line": 42, "column": 75 } },
				"locations": [
					{ "start": { "line": 42, "column": 67 }, "end": { "line": 42, "column": 75 } }
				]
			},
			"13": {
				"type": "branch",
				"line": 43,
				"loc": { "start": { "line": 43, "column": 16 }, "end": { "line": 46, "column": 2 } },
				"locations": [{ "start": { "line": 43, "column": 16 }, "end": { "line": 46, "column": 2 } }]
			},
			"14": {
				"type": "branch",
				"line": 48,
				"loc": { "start": { "line": 48, "column": 30 }, "end": { "line": 63, "column": 2 } },
				"locations": [{ "start": { "line": 48, "column": 30 }, "end": { "line": 63, "column": 2 } }]
			},
			"15": {
				"type": "branch",
				"line": 49,
				"loc": { "start": { "line": 49, "column": 50 }, "end": { "line": 49, "column": 69 } },
				"locations": [
					{ "start": { "line": 49, "column": 50 }, "end": { "line": 49, "column": 69 } }
				]
			},
			"16": {
				"type": "branch",
				"line": 50,
				"loc": { "start": { "line": 50, "column": 13 }, "end": { "line": 50, "column": 68 } },
				"locations": [
					{ "start": { "line": 50, "column": 13 }, "end": { "line": 50, "column": 68 } }
				]
			},
			"17": {
				"type": "branch",
				"line": 50,
				"loc": { "start": { "line": 50, "column": 66 }, "end": { "line": 52, "column": 22 } },
				"locations": [
					{ "start": { "line": 50, "column": 66 }, "end": { "line": 52, "column": 22 } }
				]
			},
			"18": {
				"type": "branch",
				"line": 52,
				"loc": { "start": { "line": 52, "column": 16 }, "end": { "line": 52, "column": 75 } },
				"locations": [
					{ "start": { "line": 52, "column": 16 }, "end": { "line": 52, "column": 75 } }
				]
			},
			"19": {
				"type": "branch",
				"line": 52,
				"loc": { "start": { "line": 52, "column": 73 }, "end": { "line": 63, "column": 2 } },
				"locations": [{ "start": { "line": 52, "column": 73 }, "end": { "line": 63, "column": 2 } }]
			},
			"20": {
				"type": "branch",
				"line": 55,
				"loc": { "start": { "line": 55, "column": 18 }, "end": { "line": 60, "column": 2 } },
				"locations": [{ "start": { "line": 55, "column": 18 }, "end": { "line": 60, "column": 2 } }]
			},
			"21": {
[...]
			"14": { "start": { "line": 15, "column": 0 }, "end": { "line": 15, "column": 0 } },
			"15": { "start": { "line": 16, "column": 0 }, "end": { "line": 16, "column": 31 } },
			"16": { "start": { "line": 17, "column": 0 }, "end": { "line": 17, "column": 37 } },
			"17": { "start": { "line": 18, "column": 0 }, "end": { "line": 18, "column": 0 } },
			"18": { "start": { "line": 19, "column": 0 }, "end": { "line": 19, "column": 38 } },
			"19": { "start": { "line": 20, "column": 0 }, "end": { "line": 20, "column": 0 } },
			"20": { "start": { "line": 21, "column": 0 }, "end": { "line": 21, "column": 47 } },
			"21": { "start": { "line": 22, "column": 0 }, "end": { "line": 22, "column": 0 } },
			"22": { "start": { "line": 23, "column": 0 }, "end": { "line": 23, "column": 22 } },
			"23": { "start": { "line": 24, "column": 0 }, "end": { "line": 24, "column": 77 } },
			"24": { "start": { "line": 25, "column": 0 }, "end": { "line": 25, "column": 0 } },
			"25": { "start": { "line": 26, "column": 0 }, "end": { "line": 26, "column": 59 } },
			"26": { "start": { "line": 27, "column": 0 }, "end": { "line": 27, "column": 4 } },
			"27": { "start": { "line": 28, "column": 0 }, "end": { "line": 28, "column": 0 } },
			"28": { "start": { "line": 29, "column": 0 }, "end": { "line": 29, "column": 34 } },
			"29": { "start": { "line": 30, "column": 0 }, "end": { "line": 30, "column": 33 } },
			"30": { "start": { "line": 31, "column": 0 }, "end": { "line": 31, "column": 23 } },
			"31": { "start": { "line": 32, "column": 0 }, "end": { "line": 32, "column": 0 } },
			"32": { "start": { "line": 33, "column": 0 }, "end": { "line": 33, "column": 75 } },
			"33": { "start": { "line": 34, "column": 0 }, "end": { "line": 34, "column": 22 } },
			"34": { "start": { "line": 35, "column": 0 }, "end": { "line": 35, "column": 34 } },
			"35": { "start": { "line": 36, "column": 0 }, "end": { "line": 36, "column": 15 } },
			"36": { "start": { "line": 37, "column": 0 }, "end": { "line": 37, "column": 26 } },
			"37": { "start": { "line": 38, "column": 0 }, "end": { "line": 38, "column": 5 } },
			"38": { "start": { "line": 39, "column": 0 }, "end": { "line": 39, "column": 79 } },
			"39": { "start": { "line": 40, "column": 0 }, "end": { "line": 40, "column": 0 } },
			"40": { "start": { "line": 41, "column": 0 }, "end": { "line": 41, "column": 62 } },
			"41": { "start": { "line": 42, "column": 0 }, "end": { "line": 42, "column": 59 } },
			"42": { "start": { "line": 43, "column": 0 }, "end": { "line": 43, "column": 0 } },
			"43": { "start": { "line": 44, "column": 0 }, "end": { "line": 44, "column": 32 } },
			"44": { "start": { "line": 45, "column": 0 }, "end": { "line": 45, "column": 2 } },
			"45": { "start": { "line": 46, "column": 0 }, "end": { "line": 46, "column": 9 } },
			"46": { "start": { "line": 47, "column": 0 }, "end": { "line": 47, "column": 0 } },
			"47": { "start": { "line": 48, "column": 0 }, "end": { "line": 48, "column": 31 } },
			"48": { "start": { "line": 49, "column": 0 }, "end": { "line": 49, "column": 10 } },
			"49": { "start": { "line": 50, "column": 0 }, "end": { "line": 50, "column": 28 } },
			"50": { "start": { "line": 51, "column": 0 }, "end": { "line": 51, "column": 45 } },
			"51": { "start": { "line": 52, "column": 0 }, "end": { "line": 52, "column": 0 } },
			"52": { "start": { "line": 53, "column": 0 }, "end": { "line": 53, "column": 24 } },
			"53": { "start": { "line": 54, "column": 0 }, "end": { "line": 54, "column": 88 } },
			"54": { "start": { "line": 55, "column": 0 }, "end": { "line": 55, "column": 9 } },
			"55": { "start": { "line": 56, "column": 0 }, "end": { "line": 56, "column": 0 } },
			"56": { "start": { "line": 57, "column": 0 }, "end": { "line": 57, "column": 21 } },
			"57": { "start": { "line": 58, "column": 0 }, "end": { "line": 58, "column": 52 } },
			"58": { "start": { "line": 59, "column": 0 }, "end": { "line": 59, "column": 21 } },
			"59": { "start": { "line": 60, "column": 0 }, "end": { "line": 60, "column": 48 } },
			"60": { "start": { "line": 61, "column": 0 }, "end": { "line": 61, "column": 29 } },
			"61": { "start": { "line": 62, "column": 0 }, "end": { "line": 62, "column": 10 } },
			"62": { "start": { "line": 63, "column": 0 }, "end": { "line": 63, "column": 9 } },
			"63": { "start": { "line": 64, "column": 0 }, "end": { "line": 64, "column": 0 } },
			"64": { "start": { "line": 65, "column": 0 }, "end": { "line": 65, "column": 23 } },
			"65": { "start": { "line": 66, "column": 0 }, "end": { "line": 66, "column": 24 } },
			"66": { "start": { "line": 67, "column": 0 }, "end": { "line": 67, "column": 62 } },
			"67": { "start": { "line": 68, "column": 0 }, "end": { "line": 68, "column": 36 } },
			"68": { "start": { "line": 69, "column": 0 }, "end": { "line": 69, "column": 21 } },
			"69": { "start": { "line": 70, "column": 0 }, "end": { "line": 70, "column": 25 } },
			"70": { "start": { "line": 71, "column": 0 }, "end": { "line": 71, "column": 9 } },
			"71": { "start": { "line": 72, "column": 0 }, "end": { "line": 72, "column": 17 } },
			"72": { "start": { "line": 73, "column": 0 }, "end": { "line": 73, "column": 2 } },
			"73": { "start": { "line": 74, "column": 0 }, "end": { "line": 74, "column": 7 } },
			"74": { "start": { "line": 75, "column": 0 }, "end": { "line": 75, "column": 0 } },
			"75": { "start": { "line": 76, "column": 0 }, "end": { "line": 76, "column": 19 } },
			"76": { "start": { "line": 77, "column": 0 }, "end": { "line": 77, "column": 16 } },
			"77": { "start": { "line": 78, "column": 0 }, "end": { "line": 78, "column": 16 } },
			"78": { "start": { "line": 79, "column": 0 }, "end": { "line": 79, "column": 21 } },
			"79": { "start": { "line": 80, "column": 0 }, "end": { "line": 80, "column": 0 } },
			"80": { "start": { "line": 81, "column": 0 }, "end": { "line": 81, "column": 24 } },
			"81": { "start": { "line": 82, "column": 0 }, "end": { "line": 82, "column": 2 } },
			"82": { "start": { "line": 83, "column": 0 }, "end": { "line": 83, "column": 0 } },
			"83": { "start": { "line": 84, "column": 0 }, "end": { "line": 84, "column": 8 } },
			"84": { "start": { "line": 85, "column": 0 }, "end": { "line": 85, "column": 16 } },
			"85": { "start": { "line": 86, "column": 0 }, "end": { "line": 86, "column": 25 } },
			"86": { "start": { "line": 87, "column": 0 }, "end": { "line": 87, "column": 22 } },
			"87": { "start": { "line": 88, "column": 0 }, "end": { "line": 88, "column": 0 } },
			"88": { "start": { "line": 89, "column": 0 }, "end": { "line": 89, "column": 19 } },
			"89": { "start": { "line": 90, "column": 0 }, "end": { "line": 90, "column": 18 } },
			"90": { "start": { "line": 91, "column": 0 }, "end": { "line": 91, "column": 0 } },
			"91": { "start": { "line": 92, "column": 0 }, "end": { "line": 92, "column": 8 } },
			"92": { "start": { "line": 93, "column": 0 }, "end": { "line": 93, "column": 17 } },
			"93": { "start": { "line": 94, "column": 0 }, "end": { "line": 94, "column": 23 } },
			"94": { "start": { "line": 95, "column": 0 }, "end": { "line": 95, "column": 34 } },
			"95": { "start": { "line": 96, "column": 0 }, "end": { "line": 96, "column": 15 } },
			"96": { "start": { "line": 97, "column": 0 }, "end": { "line": 97, "column": 3 } },
			"97": { "start": { "line": 98, "column": 0 }, "end": { "line": 98, "column": 0 } },
			"98": { "start": { "line": 99, "column": 0 }, "end": { "line": 99, "column": 10 } },
			"99": { "start": { "line": 100, "column": 0 }, "end": { "line": 100, "column": 21 } },
			"100": { "start": { "line": 101, "column": 0 }, "end": { "line": 101, "column": 3 } },
			"101": { "start": { "line": 102, "column": 0 }, "end": { "line": 102, "column": 0 } },
			"102": { "start": { "line": 103, "column": 0 }, "end": { "line": 103, "column": 29 } },
			"103": { "start": { "line": 104, "column": 0 }, "end": { "line": 104, "column": 9 } },
			"104": { "start": { "line": 105, "column": 0 }, "end": { "line": 105, "column": 27 } },
			"105": { "start": { "line": 106, "column": 0 }, "end": { "line": 106, "column": 24 } },
			"106": { "start": { "line": 107, "column": 0 }, "end": { "line": 107, "column": 22 } },
			"107": { "start": { "line": 108, "column": 0 }, "end": { "line": 108, "column": 4 } },
			"108": { "start": { "line": 109, "column": 0 }, "end": { "line": 109, "column": 0 } },
			"109": { "start": { "line": 110, "column": 0 }, "end": { "line": 110, "column": 11 } },
			"110": { "start": { "line": 111, "column": 0 }, "end": { "line": 111, "column": 21 } },
			"111": { "start": { "line": 112, "column": 0 }, "end": { "line": 112, "column": 4 } },
			"112": { "start": { "line": 113, "column": 0 }, "end": { "line": 113, "column": 3 } },
			"113": { "start": { "line": 114, "column": 0 }, "end": { "line": 114, "column": 2 } },
			"114": { "start": { "line": 115, "column": 0 }, "end": { "line": 115, "column": 0 } },
			"115": { "start": { "line": 116, "column": 0 }, "end": { "line": 116, "column": 10 } },
			"116": { "start": { "line": 117, "column": 0 }, "end": { "line": 117, "column": 16 } },
			"117": { "start": { "line": 118, "column": 0 }, "end": { "line": 118, "column": 26 } },
			"118": { "start": { "line": 119, "column": 0 }, "end": { "line": 119, "column": 19 } },
			"119": { "start": { "line": 120, "column": 0 }, "end": { "line": 120, "column": 2 } },
			"120": { "start": { "line": 121, "column": 0 }, "end": { "line": 121, "column": 8 } }
		},
		"s": {
			"0": 0,
			"1": 0,
			"2": 0,
			"3": 0,
			"4": 0,
			"5": 0,
			"6": 0,
			"7": 0,
			"8": 0,
			"9": 0,
			"10": 0,
			"11": 0,
			"12": 0,
			"13": 0,
			"14": 0,
			"15": 0,
			"16": 0,
			"17": 0,
			"18": 0,
			"19": 0,
			"20": 0,
			"21": 0,
			"22": 0,
			"23": 0,
			"24": 0,
			"25": 0,
			"26": 0,
			"27": 0,
			"28": 0,
			"29": 0,
			"30": 0,
			"31": 0,
			"32": 0,
			"33": 0,
			"34": 0,
			"35": 0,
			"36": 0,
			"37": 0,
			"38": 0,
			"39": 0,
			"40": 0,
			"41": 0,
			"42": 0,
			"43": 0,
			"44": 0,
			"45": 0,
			"46": 0,
			"47": 0,
			"48": 0,
			"49": 0,
			"50": 0,
			"51": 0,
			"52": 0,
			"53": 0,
			"54": 0,
			"55": 0,
			"56": 0,
			"57": 0,
			"58": 0,
			"59": 0,
			"60": 0,
			"61": 0,
			"62": 0,
			"63": 0,
			"64": 0,
			"65": 0,
			"66": 0,
			"67": 0,
			"68": 0,
			"69": 0,
			"70": 0,
			"71": 0,
			"72": 0,
			"73": 0,
			"74": 0,
			"75": 0,
			"76": 0,
			"77": 0,
			"78": 0,
			"79": 0,
			"80": 0,
			"81": 0,
			"82": 0,
			"83": 0,
			"84": 0,
			"85": 0,
			"86": 0,
			"87": 0,
			"88": 0,
			"89": 0,
			"90": 0,
			"91": 0,
			"92": 0,
			"93": 0,
			"94": 0,
			"95": 0,
			"96": 0,
			"97": 0,
			"98": 0,
			"99": 0,
			"100": 0,
			"101": 0,
			"102": 0,
			"103": 0,
			"104": 0,
			"105": 0,
			"106": 0,
			"107": 0,
			"108": 0,
			"109": 0,
			"110": 0,
			"111": 0,
			"112": 0,
			"113": 0,
			"114": 0,
			"115": 0,
			"116": 0,
			"117": 0,
			"118": 0,
			"119": 0,
			"120": 0
		},
		"branchMap": {
			"0": {
				"type": "branch",
				"line": 1,
				"loc": { "start": { "line": 1, "column": 0 }, "end": { "line": 121, "column": 8 } },
				"locations": [{ "start": { "line": 1, "column": 0 }, "end": { "line": 121, "column": 8 } }]
			}
		},
		"b": { "0": [0] },
		"fnMap": {
			"0": {
				"name": "(empty-report)",
				"decl": { "start": { "line": 1, "column": 0 }, "end": { "line": 121, "column": 8 } },
				"loc": { "start": { "line": 1, "column": 0 }, "end": { "line": 121, "column": 8 } },
				"line": 1
			}
		},
		"f": { "0": 0 }
	},
	"/home/node/.openclaw/workspace/projects/metanames-app/src/routes/robots.txt/+server.js": {
		"path": "/home/node/.openclaw/workspace/projects/metanames-app/src/routes/robots.txt/+server.js",
		"all": true,
		"statementMap": {
			"0": { "start": { "line": 1, "column": 0 }, "end": { "line": 1, "column": 30 } },
			"2": { "start": { "line": 3, "column": 0 }, "end": { "line": 3, "column": 29 } },
			"3": { "start": { "line": 4, "column": 0 }, "end": { "line": 4, "column": 21 } },
			"4": { "start": { "line": 5, "column": 0 }, "end": { "line": 5, "column": 24 } },
			"5": { "start": { "line": 6, "column": 0 }, "end": { "line": 6, "column": 18 } },
			"6": { "start": { "line": 7, "column": 0 }, "end": { "line": 7, "column": 13 } },
			"8": { "start": { "line": 9, "column": 0 }, "end": { "line": 9, "column": 45 } },
			"9": { "start": { "line": 10, "column": 0 }, "end": { "line": 10, "column": 3 } },
			"10": { "start": { "line": 11, "column": 0 }, "end": { "line": 11, "column": 15 } },
			"11": { "start": { "line": 12, "column": 0 }, "end": { "line": 12, "column": 30 } },
			"12": { "start": { "line": 13, "column": 0 }, "end": { "line": 13, "column": 15 } },
			"13": { "start": { "line": 14, "column": 0 }, "end": { "line": 14, "column": 3 } },
			"14": { "start": { "line": 15, "column": 0 }, "end": { "line": 15, "column": 13 } },
			"15": { "start": { "line": 16, "column": 0 }, "end": { "line": 16, "column": 32 } },
			"16": { "start": { "line": 17, "column": 0 }, "end": { "line": 17, "column": 4 } },
			"17": { "start": { "line": 18, "column": 0 }, "end": { "line": 18, "column": 3 } },
			"18": { "start": { "line": 19, "column": 0 }, "end": { "line": 19, "column": 3 } },
			"19": { "start": { "line": 20, "column": 0 }, "end": { "line": 20, "column": 1 } }
		},
		"s": {
			"0": 0,
			"2": 0,
			"3": 0,
			"4": 0,
			"5": 0,
			"6": 0,
			"8": 0,
			"9": 0,
			"10": 0,
			"11": 0,
			"12": 0,
			"13": 0,
			"14": 0,
			"15": 0,
			"16": 0,
			"17": 0,
			"18": 0,
			"19": 0
		},
		"branchMap": {
			"0": {
				"type": "branch",
				"line": 1,
				"loc": { "start": { "line": 1, "column": 0 }, "end": { "line": 20, "column": -165 } },
				"locations": [
					{ "start": { "line": 1, "column": 0 }, "end": { "line": 20, "column": -165 } }
				]
			}
		},
		"b": { "0": [0] },
		"fnMap": {
			"0": {
				"name": "(empty-report)",
				"decl": { "start": { "line": 1, "column": 0 }, "end": { "line": 20, "column": -165 } },
				"loc": { "start": { "line": 1, "column": 0 }, "end": { "line": 20, "column": -165 } },
				"line": 1
			}
		},
		"f": { "0": 0 }
	},
	"/home/node/.openclaw/workspace/projects/metanames-app/src/routes/sitemap.xml/+server.js": {
		"path": "/home/node/.openclaw/workspace/projects/metanames-app/src/routes/sitemap.xml/+server.js",
		"all": true,
		"statementMap": {
			"0": { "start": { "line": 1, "column": 0 }, "end": { "line": 1, "column": 30 } },
			"2": { "start": { "line": 3, "column": 0 }, "end": { "line": 3, "column": 29 } },
			"3": { "start": { "line": 4, "column": 0 }, "end": { "line": 4, "column": 21 } },
			"4": { "start": { "line": 5, "column": 0 }, "end": { "line": 5, "column": 3 } },
			"5": { "start": { "line": 6, "column": 0 }, "end": { "line": 6, "column": 41 } },
			"6": { "start": { "line": 7, "column": 0 }, "end": { "line": 7, "column": 9 } },
			"7": { "start": { "line": 8, "column": 0 }, "end": { "line": 8, "column": 55 } },
			"8": { "start": { "line": 9, "column": 0 }, "end": { "line": 9, "column": 46 } },
			"9": { "start": { "line": 10, "column": 0 }, "end": { "line": 10, "column": 67 } },
			"10": { "start": { "line": 11, "column": 0 }, "end": { "line": 11, "column": 63 } },
			"11": { "start": { "line": 12, "column": 0 }, "end": { "line": 12, "column": 65 } },
			"12": { "start": { "line": 13, "column": 0 }, "end": { "line": 13, "column": 65 } },
			"13": { "start": { "line": 14, "column": 0 }, "end": { "line": 14, "column": 3 } },
			"14": { "start": { "line": 15, "column": 0 }, "end": { "line": 15, "column": 11 } },
			"15": { "start": { "line": 16, "column": 0 }, "end": { "line": 16, "column": 39 } },
			"16": { "start": { "line": 17, "column": 0 }, "end": { "line": 17, "column": 39 } },
			"17": { "start": { "line": 18, "column": 0 }, "end": { "line": 18, "column": 32 } },
			"18": { "start": { "line": 19, "column": 0 }, "end": { "line": 19, "column": 12 } },
			"19": { "start": { "line": 20, "column": 0 }, "end": { "line": 20, "column": 20 } },
			"20": { "start": { "line": 21, "column": 0 }, "end": { "line": 21, "column": 3 } },
			"21": { "start": { "line": 22, "column": 0 }, "end": { "line": 22, "column": 13 } },
			"22": { "start": { "line": 23, "column": 0 }, "end": { "line": 23, "column": 37 } },
			"23": { "start": { "line": 24, "column": 0 }, "end": { "line": 24, "column": 4 } },
			"24": { "start": { "line": 25, "column": 0 }, "end": { "line": 25, "column": 3 } },
			"25": { "start": { "line": 26, "column": 0 }, "end": { "line": 26, "column": 3 } },
			"26": { "start": { "line": 27, "column": 0 }, "end": { "line": 27, "column": 1 } }
		},
		"s": {
			"0": 0,
			"2": 0,
			"3": 0,
			"4": 0,
			"5": 0,
			"6": 0,
			"7": 0,
			"8": 0,
			"9": 0,
			"10": 0,
			"11": 0,
			"12": 0,
			"13": 0,
			"14": 0,
			"15": 0,
			"16": 0,
			"17": 0,
			"18": 0,
			"19": 0,
			"20": 0,
			"21": 0,
			"22": 0,
			"23": 0,
			"24": 0,
			"25": 0,
			"26": 0
		},
		"branchMap": {
			"0": {
				"type": "branch",
				"line": 1,
				"loc": { "start": { "line": 1, "column": 0 }, "end": { "line": 27, "column": -184 } },
				"locations": [
					{ "start": { "line": 1, "column": 0 }, "end": { "line": 27, "column": -184 } }
				]
			}
		},
		"b": { "0": [0] },
		"fnMap": {
			"0": {
				"name": "(empty-report)",
				"decl": { "start": { "line": 1, "column": 0 }, "end": { "line": 27, "column": -184 } },
				"loc": { "start": { "line": 1, "column": 0 }, "end": { "line": 27, "column": -184 } },
				"line": 1
			}
		},
		"f": { "0": 0 }
	},
	"/home/node/.openclaw/workspace/projects/metanames-app/src/routes/tld/+page.svelte": {
		"path": "/home/node/.openclaw/workspace/projects/metanames-app/src/routes/tld/+page.svelte",
		"all": true,
		"statementMap": {
			"0": { "start": { "line": 1, "column": 0 }, "end": { "line": 1, "column": 18 } },
			"1": { "start": { "line": 2, "column": 0 }, "end": { "line": 2, "column": 51 } },
			"3": { "start": { "line": 4, "column": 0 }, "end": { "line": 4, "column": 48 } },
			"4": { "start": { "line": 5, "column": 0 }, "end": { "line": 5, "column": 70 } },
			"6": { "start": { "line": 7, "column": 0 }, "end": { "line": 7, "column": 46 } },
			"7": { "start": { "line": 8, "column": 0 }, "end": { "line": 8, "column": 57 } },
			"9": { "start": { "line": 10, "column": 0 }, "end": { "line": 10, "column": 30 } },
			"10": { "start": { "line": 11, "column": 0 }, "end": { "line": 11, "column": 28 } },
			"11": { "start": { "line": 12, "column": 0 }, "end": { "line": 12, "column": 24 } },
			"12": { "start": { "line": 13, "column": 0 }, "end": { "line": 13, "column": 10 } },
			"13": { "start": { "line": 14, "column": 0 }, "end": { "line": 14, "column": 25 } },
			"14": { "start": { "line": 15, "column": 0 }, "end": { "line": 15, "column": 15 } },
			"15": { "start": { "line": 16, "column": 0 }, "end": { "line": 16, "column": 13 } },
			"18": { "start": { "line": 19, "column": 0 }, "end": { "line": 19, "column": 44 } },
			"25": { "start": { "line": 26, "column": 0 }, "end": { "line": 26, "column": 28 } },
			"26": { "start": { "line": 27, "column": 0 }, "end": { "line": 27, "column": 33 } },
			"27": { "start": { "line": 28, "column": 0 }, "end": { "line": 28, "column": 6 } }
		},
		"s": {
			"0": 0,
			"1": 0,
			"3": 0,
			"4": 0,
			"6": 0,
			"7": 0,
			"9": 0,
			"10": 0,
			"11": 0,
			"12": 0,
			"13": 0,
			"14": 0,
			"15": 0,
			"18": 0,
			"25": 0,
			"26": 0,
			"27": 0
		},
		"branchMap": {
			"0": {
				"type": "branch",
				"line": 1,
				"loc": { "start": { "line": 1, "column": 844 }, "end": { "line": 43, "column": 8 } },
				"locations": [{ "start": { "line": 1, "column": 844 }, "end": { "line": 43, "column": 8 } }]
			}
		},
		"b": { "0": [0] },
		"fnMap": {
			"0": {
				"name": "(empty-report)",
				"decl": { "start": { "line": 1, "column": 844 }, "end": { "line": 43, "column": 8 } },
				"loc": { "start": { "line": 1, "column": 844 }, "end": { "line": 43, "column": 8 } },
				"line": 1
			}
		},
		"f": { "0": 0 }
	}
}
